mode: atomic
github.com/lgsvl/data-marketplace-chaincode/utils/authorization.go:37.69,38.20 1 0
github.com/lgsvl/data-marketplace-chaincode/utils/authorization.go:41.2,42.20 2 0
github.com/lgsvl/data-marketplace-chaincode/utils/authorization.go:45.2,45.36 1 0
github.com/lgsvl/data-marketplace-chaincode/utils/authorization.go:49.2,52.16 2 0
github.com/lgsvl/data-marketplace-chaincode/utils/authorization.go:56.2,58.16 3 0
github.com/lgsvl/data-marketplace-chaincode/utils/authorization.go:62.2,62.20 1 0
github.com/lgsvl/data-marketplace-chaincode/utils/authorization.go:38.20,40.3 1 0
github.com/lgsvl/data-marketplace-chaincode/utils/authorization.go:42.20,44.3 1 0
github.com/lgsvl/data-marketplace-chaincode/utils/authorization.go:45.36,47.3 1 0
github.com/lgsvl/data-marketplace-chaincode/utils/authorization.go:52.16,54.3 1 0
github.com/lgsvl/data-marketplace-chaincode/utils/authorization.go:58.16,60.3 1 0
github.com/lgsvl/data-marketplace-chaincode/utils/authorization.go:66.72,67.20 1 0
github.com/lgsvl/data-marketplace-chaincode/utils/authorization.go:70.2,71.20 2 0
github.com/lgsvl/data-marketplace-chaincode/utils/authorization.go:74.2,75.16 2 0
github.com/lgsvl/data-marketplace-chaincode/utils/authorization.go:78.2,80.16 3 0
github.com/lgsvl/data-marketplace-chaincode/utils/authorization.go:83.2,83.17 1 0
github.com/lgsvl/data-marketplace-chaincode/utils/authorization.go:67.20,69.3 1 0
github.com/lgsvl/data-marketplace-chaincode/utils/authorization.go:71.20,73.3 1 0
github.com/lgsvl/data-marketplace-chaincode/utils/authorization.go:75.16,77.3 1 0
github.com/lgsvl/data-marketplace-chaincode/utils/authorization.go:80.16,82.3 1 0
github.com/lgsvl/data-marketplace-chaincode/utils/authorization.go:87.87,88.20 1 0
github.com/lgsvl/data-marketplace-chaincode/utils/authorization.go:92.2,93.20 2 0
github.com/lgsvl/data-marketplace-chaincode/utils/authorization.go:97.2,98.16 2 0
github.com/lgsvl/data-marketplace-chaincode/utils/authorization.go:101.2,103.16 3 0
github.com/lgsvl/data-marketplace-chaincode/utils/authorization.go:106.2,106.17 1 0
github.com/lgsvl/data-marketplace-chaincode/utils/authorization.go:88.20,90.3 1 0
github.com/lgsvl/data-marketplace-chaincode/utils/authorization.go:93.20,95.3 1 0
github.com/lgsvl/data-marketplace-chaincode/utils/authorization.go:98.16,100.3 1 0
github.com/lgsvl/data-marketplace-chaincode/utils/authorization.go:103.16,105.3 1 0
github.com/lgsvl/data-marketplace-chaincode/utils/authorization.go:108.67,109.20 1 0
github.com/lgsvl/data-marketplace-chaincode/utils/authorization.go:112.2,114.20 3 0
github.com/lgsvl/data-marketplace-chaincode/utils/authorization.go:117.2,117.37 1 0
github.com/lgsvl/data-marketplace-chaincode/utils/authorization.go:120.2,121.16 2 0
github.com/lgsvl/data-marketplace-chaincode/utils/authorization.go:124.2,124.41 1 0
github.com/lgsvl/data-marketplace-chaincode/utils/authorization.go:109.20,111.3 1 0
github.com/lgsvl/data-marketplace-chaincode/utils/authorization.go:114.20,116.3 1 0
github.com/lgsvl/data-marketplace-chaincode/utils/authorization.go:117.37,119.3 1 0
github.com/lgsvl/data-marketplace-chaincode/utils/authorization.go:121.16,123.3 1 0
github.com/lgsvl/data-marketplace-chaincode/utils/authorization.go:127.50,130.2 2 0
github.com/lgsvl/data-marketplace-chaincode/utils/authorization.go:132.82,134.16 2 0
github.com/lgsvl/data-marketplace-chaincode/utils/authorization.go:138.2,139.16 2 0
github.com/lgsvl/data-marketplace-chaincode/utils/authorization.go:143.2,144.16 2 0
github.com/lgsvl/data-marketplace-chaincode/utils/authorization.go:147.2,147.57 1 0
github.com/lgsvl/data-marketplace-chaincode/utils/authorization.go:134.16,136.3 1 0
github.com/lgsvl/data-marketplace-chaincode/utils/authorization.go:139.16,141.3 1 0
github.com/lgsvl/data-marketplace-chaincode/utils/authorization.go:144.16,146.3 1 0
github.com/lgsvl/data-marketplace-chaincode/utils/authorization.go:150.65,152.16 2 0
github.com/lgsvl/data-marketplace-chaincode/utils/authorization.go:155.2,157.16 3 0
github.com/lgsvl/data-marketplace-chaincode/utils/authorization.go:160.2,160.19 1 0
github.com/lgsvl/data-marketplace-chaincode/utils/authorization.go:152.16,154.3 1 0
github.com/lgsvl/data-marketplace-chaincode/utils/authorization.go:157.16,159.3 1 0
github.com/lgsvl/data-marketplace-chaincode/utils/authorization.go:163.55,164.20 1 0
github.com/lgsvl/data-marketplace-chaincode/utils/authorization.go:167.2,168.20 2 0
github.com/lgsvl/data-marketplace-chaincode/utils/authorization.go:171.2,171.39 1 0
github.com/lgsvl/data-marketplace-chaincode/utils/authorization.go:164.20,166.3 1 0
github.com/lgsvl/data-marketplace-chaincode/utils/authorization.go:168.20,170.3 1 0
github.com/lgsvl/data-marketplace-chaincode/utils/authorization.go:174.68,181.49 6 0
github.com/lgsvl/data-marketplace-chaincode/utils/authorization.go:191.2,198.16 5 0
github.com/lgsvl/data-marketplace-chaincode/utils/authorization.go:202.2,206.16 5 0
github.com/lgsvl/data-marketplace-chaincode/utils/authorization.go:210.2,211.19 2 0
github.com/lgsvl/data-marketplace-chaincode/utils/authorization.go:218.2,221.16 4 0
github.com/lgsvl/data-marketplace-chaincode/utils/authorization.go:224.2,225.18 2 0
github.com/lgsvl/data-marketplace-chaincode/utils/authorization.go:181.49,183.3 1 0
github.com/lgsvl/data-marketplace-chaincode/utils/authorization.go:183.8,184.50 1 0
github.com/lgsvl/data-marketplace-chaincode/utils/authorization.go:184.50,186.4 1 0
github.com/lgsvl/data-marketplace-chaincode/utils/authorization.go:186.9,189.4 2 0
github.com/lgsvl/data-marketplace-chaincode/utils/authorization.go:198.16,200.3 1 0
github.com/lgsvl/data-marketplace-chaincode/utils/authorization.go:206.16,208.3 1 0
github.com/lgsvl/data-marketplace-chaincode/utils/authorization.go:211.19,214.3 2 0
github.com/lgsvl/data-marketplace-chaincode/utils/authorization.go:214.8,216.3 1 0
github.com/lgsvl/data-marketplace-chaincode/utils/authorization.go:221.16,223.3 1 0
github.com/lgsvl/data-marketplace-chaincode/utils/authorization.go:228.86,233.2 3 0
github.com/lgsvl/data-marketplace-chaincode/utils/authorization.go:235.44,237.16 2 0
github.com/lgsvl/data-marketplace-chaincode/utils/authorization.go:240.2,241.16 2 0
github.com/lgsvl/data-marketplace-chaincode/utils/authorization.go:244.2,245.16 2 0
github.com/lgsvl/data-marketplace-chaincode/utils/authorization.go:248.2,249.16 2 0
github.com/lgsvl/data-marketplace-chaincode/utils/authorization.go:252.2,253.16 2 0
github.com/lgsvl/data-marketplace-chaincode/utils/authorization.go:256.2,257.16 2 0
github.com/lgsvl/data-marketplace-chaincode/utils/authorization.go:260.2,260.12 1 0
github.com/lgsvl/data-marketplace-chaincode/utils/authorization.go:237.16,239.3 1 0
github.com/lgsvl/data-marketplace-chaincode/utils/authorization.go:241.16,243.3 1 0
github.com/lgsvl/data-marketplace-chaincode/utils/authorization.go:245.16,247.3 1 0
github.com/lgsvl/data-marketplace-chaincode/utils/authorization.go:249.16,251.3 1 0
github.com/lgsvl/data-marketplace-chaincode/utils/authorization.go:253.16,255.3 1 0
github.com/lgsvl/data-marketplace-chaincode/utils/authorization.go:257.16,259.3 1 0
github.com/lgsvl/data-marketplace-chaincode/utils/authorization.go:263.65,267.21 4 0
github.com/lgsvl/data-marketplace-chaincode/utils/authorization.go:271.2,271.33 1 0
github.com/lgsvl/data-marketplace-chaincode/utils/authorization.go:267.21,270.3 2 0
github.com/lgsvl/data-marketplace-chaincode/utils/authorization.go:274.87,279.2 4 14
github.com/lgsvl/data-marketplace-chaincode/resources/data_contract_type.go:32.140,41.16 6 9
github.com/lgsvl/data-marketplace-chaincode/resources/data_contract_type.go:47.2,48.16 2 4
github.com/lgsvl/data-marketplace-chaincode/resources/data_contract_type.go:58.2,59.16 2 2
github.com/lgsvl/data-marketplace-chaincode/resources/data_contract_type.go:64.2,65.16 2 2
github.com/lgsvl/data-marketplace-chaincode/resources/data_contract_type.go:70.2,70.26 1 1
github.com/lgsvl/data-marketplace-chaincode/resources/data_contract_type.go:41.16,44.3 2 5
github.com/lgsvl/data-marketplace-chaincode/resources/data_contract_type.go:48.16,52.3 3 1
github.com/lgsvl/data-marketplace-chaincode/resources/data_contract_type.go:52.8,52.41 1 3
github.com/lgsvl/data-marketplace-chaincode/resources/data_contract_type.go:52.41,56.3 3 1
github.com/lgsvl/data-marketplace-chaincode/resources/data_contract_type.go:59.16,62.3 2 0
github.com/lgsvl/data-marketplace-chaincode/resources/data_contract_type.go:65.16,68.3 2 1
github.com/lgsvl/data-marketplace-chaincode/resources/data_contract_type.go:73.113,78.16 4 2
github.com/lgsvl/data-marketplace-chaincode/resources/data_contract_type.go:83.2,83.46 1 1
github.com/lgsvl/data-marketplace-chaincode/resources/data_contract_type.go:78.16,81.3 2 1
github.com/lgsvl/data-marketplace-chaincode/resources/data_contract_type.go:86.122,91.16 4 17
github.com/lgsvl/data-marketplace-chaincode/resources/data_contract_type.go:95.2,96.16 2 9
github.com/lgsvl/data-marketplace-chaincode/resources/data_contract_type.go:101.2,101.37 1 9
github.com/lgsvl/data-marketplace-chaincode/resources/data_contract_type.go:91.16,94.3 2 8
github.com/lgsvl/data-marketplace-chaincode/resources/data_contract_type.go:96.16,99.3 2 0
github.com/lgsvl/data-marketplace-chaincode/resources/data_contract_type.go:104.138,109.16 4 17
github.com/lgsvl/data-marketplace-chaincode/resources/data_contract_type.go:118.2,120.16 3 13
github.com/lgsvl/data-marketplace-chaincode/resources/data_contract_type.go:126.2,126.60 1 11
github.com/lgsvl/data-marketplace-chaincode/resources/data_contract_type.go:131.2,131.30 1 9
github.com/lgsvl/data-marketplace-chaincode/resources/data_contract_type.go:109.16,113.3 3 2
github.com/lgsvl/data-marketplace-chaincode/resources/data_contract_type.go:113.8,113.43 1 15
github.com/lgsvl/data-marketplace-chaincode/resources/data_contract_type.go:113.43,117.3 3 2
github.com/lgsvl/data-marketplace-chaincode/resources/data_contract_type.go:120.16,124.3 3 2
github.com/lgsvl/data-marketplace-chaincode/resources/data_contract_type.go:126.60,130.3 3 2
github.com/lgsvl/data-marketplace-chaincode/resources/data_contract_type.go:134.114,138.45 3 9
github.com/lgsvl/data-marketplace-chaincode/resources/data_contract_type.go:144.2,144.26 1 8
github.com/lgsvl/data-marketplace-chaincode/resources/data_contract_type.go:155.2,156.16 2 7
github.com/lgsvl/data-marketplace-chaincode/resources/data_contract_type.go:161.2,162.16 2 6
github.com/lgsvl/data-marketplace-chaincode/resources/data_contract_type.go:166.2,166.12 1 4
github.com/lgsvl/data-marketplace-chaincode/resources/data_contract_type.go:138.45,142.3 3 1
github.com/lgsvl/data-marketplace-chaincode/resources/data_contract_type.go:144.26,145.34 1 1
github.com/lgsvl/data-marketplace-chaincode/resources/data_contract_type.go:145.34,146.43 1 1
github.com/lgsvl/data-marketplace-chaincode/resources/data_contract_type.go:146.43,150.5 3 1
github.com/lgsvl/data-marketplace-chaincode/resources/data_contract_type.go:156.16,159.3 2 1
github.com/lgsvl/data-marketplace-chaincode/resources/data_contract_type.go:162.16,165.3 2 2
github.com/lgsvl/data-marketplace-chaincode/resources/data_contract_type.go:169.123,175.16 5 4
github.com/lgsvl/data-marketplace-chaincode/resources/data_contract_type.go:179.2,180.16 2 4
github.com/lgsvl/data-marketplace-chaincode/resources/data_contract_type.go:184.2,184.12 1 3
github.com/lgsvl/data-marketplace-chaincode/resources/data_contract_type.go:175.16,178.3 2 0
github.com/lgsvl/data-marketplace-chaincode/resources/data_contract_type.go:180.16,183.3 2 1
github.com/lgsvl/data-marketplace-chaincode/resources/token.go:17.105,19.2 1 3
github.com/lgsvl/data-marketplace-chaincode/resources/token.go:21.127,22.12 1 5
github.com/lgsvl/data-marketplace-chaincode/resources/token.go:26.2,27.16 2 4
github.com/lgsvl/data-marketplace-chaincode/resources/token.go:37.2,44.16 3 2
github.com/lgsvl/data-marketplace-chaincode/resources/token.go:49.2,49.19 1 2
github.com/lgsvl/data-marketplace-chaincode/resources/token.go:22.12,24.3 1 1
github.com/lgsvl/data-marketplace-chaincode/resources/token.go:27.16,31.3 3 1
github.com/lgsvl/data-marketplace-chaincode/resources/token.go:31.8,31.30 1 3
github.com/lgsvl/data-marketplace-chaincode/resources/token.go:31.30,35.3 3 1
github.com/lgsvl/data-marketplace-chaincode/resources/token.go:44.16,47.3 2 0
github.com/lgsvl/data-marketplace-chaincode/resources/token.go:52.110,56.16 4 4
github.com/lgsvl/data-marketplace-chaincode/resources/token.go:61.2,61.37 1 2
github.com/lgsvl/data-marketplace-chaincode/resources/token.go:56.16,59.3 2 2
github.com/lgsvl/data-marketplace-chaincode/resources/token.go:64.114,68.16 4 0
github.com/lgsvl/data-marketplace-chaincode/resources/token.go:73.2,73.35 1 0
github.com/lgsvl/data-marketplace-chaincode/resources/token.go:68.16,71.3 2 0
github.com/lgsvl/data-marketplace-chaincode/resources/token.go:76.146,80.16 4 6
github.com/lgsvl/data-marketplace-chaincode/resources/token.go:85.2,85.36 1 4
github.com/lgsvl/data-marketplace-chaincode/resources/token.go:89.2,90.16 2 3
github.com/lgsvl/data-marketplace-chaincode/resources/token.go:95.2,96.16 2 3
github.com/lgsvl/data-marketplace-chaincode/resources/token.go:101.2,104.16 3 2
github.com/lgsvl/data-marketplace-chaincode/resources/token.go:109.2,109.18 1 1
github.com/lgsvl/data-marketplace-chaincode/resources/token.go:80.16,83.3 2 2
github.com/lgsvl/data-marketplace-chaincode/resources/token.go:85.36,87.3 1 1
github.com/lgsvl/data-marketplace-chaincode/resources/token.go:90.16,93.3 2 0
github.com/lgsvl/data-marketplace-chaincode/resources/token.go:96.16,99.3 2 1
github.com/lgsvl/data-marketplace-chaincode/resources/token.go:104.16,107.3 2 1
github.com/lgsvl/data-marketplace-chaincode/resources/token.go:112.110,117.16 4 10
github.com/lgsvl/data-marketplace-chaincode/resources/token.go:126.2,128.16 3 8
github.com/lgsvl/data-marketplace-chaincode/resources/token.go:134.2,135.16 2 6
github.com/lgsvl/data-marketplace-chaincode/resources/token.go:139.2,139.19 1 6
github.com/lgsvl/data-marketplace-chaincode/resources/token.go:117.16,121.3 3 2
github.com/lgsvl/data-marketplace-chaincode/resources/token.go:121.8,121.32 1 8
github.com/lgsvl/data-marketplace-chaincode/resources/token.go:121.32,125.3 3 0
github.com/lgsvl/data-marketplace-chaincode/resources/token.go:128.16,132.3 3 2
github.com/lgsvl/data-marketplace-chaincode/resources/token.go:135.16,138.3 2 0
github.com/lgsvl/data-marketplace-chaincode/resources/token.go:142.103,146.16 4 4
github.com/lgsvl/data-marketplace-chaincode/resources/token.go:152.2,153.16 2 4
github.com/lgsvl/data-marketplace-chaincode/resources/token.go:158.2,158.12 1 3
github.com/lgsvl/data-marketplace-chaincode/resources/token.go:146.16,150.3 3 0
github.com/lgsvl/data-marketplace-chaincode/resources/token.go:153.16,157.3 3 1
github.com/lgsvl/data-marketplace-chaincode/resources/token.go:161.69,165.32 3 6
github.com/lgsvl/data-marketplace-chaincode/resources/token.go:171.2,171.12 1 6
github.com/lgsvl/data-marketplace-chaincode/resources/token.go:165.32,169.3 3 0
github.com/lgsvl/data-marketplace-chaincode/resources/account.go:20.113,26.16 4 5
github.com/lgsvl/data-marketplace-chaincode/resources/account.go:32.2,33.16 2 4
github.com/lgsvl/data-marketplace-chaincode/resources/account.go:43.2,46.16 4 2
github.com/lgsvl/data-marketplace-chaincode/resources/account.go:51.2,52.16 2 1
github.com/lgsvl/data-marketplace-chaincode/resources/account.go:56.2,56.35 1 1
github.com/lgsvl/data-marketplace-chaincode/resources/account.go:26.16,29.3 2 1
github.com/lgsvl/data-marketplace-chaincode/resources/account.go:33.16,37.3 3 1
github.com/lgsvl/data-marketplace-chaincode/resources/account.go:37.8,37.32 1 3
github.com/lgsvl/data-marketplace-chaincode/resources/account.go:37.32,41.3 3 1
github.com/lgsvl/data-marketplace-chaincode/resources/account.go:46.16,49.3 2 1
github.com/lgsvl/data-marketplace-chaincode/resources/account.go:52.16,55.3 2 0
github.com/lgsvl/data-marketplace-chaincode/resources/account.go:59.104,63.16 4 2
github.com/lgsvl/data-marketplace-chaincode/resources/account.go:68.2,69.16 2 1
github.com/lgsvl/data-marketplace-chaincode/resources/account.go:73.2,73.37 1 1
github.com/lgsvl/data-marketplace-chaincode/resources/account.go:63.16,66.3 2 1
github.com/lgsvl/data-marketplace-chaincode/resources/account.go:69.16,72.3 2 0
github.com/lgsvl/data-marketplace-chaincode/resources/account.go:76.114,81.16 4 52
github.com/lgsvl/data-marketplace-chaincode/resources/account.go:90.2,92.16 3 43
github.com/lgsvl/data-marketplace-chaincode/resources/account.go:98.2,99.16 2 42
github.com/lgsvl/data-marketplace-chaincode/resources/account.go:104.2,104.21 1 41
github.com/lgsvl/data-marketplace-chaincode/resources/account.go:81.16,85.3 3 8
github.com/lgsvl/data-marketplace-chaincode/resources/account.go:85.8,85.34 1 44
github.com/lgsvl/data-marketplace-chaincode/resources/account.go:85.34,89.3 3 1
github.com/lgsvl/data-marketplace-chaincode/resources/account.go:92.16,96.3 3 1
github.com/lgsvl/data-marketplace-chaincode/resources/account.go:99.16,102.3 2 1
github.com/lgsvl/data-marketplace-chaincode/resources/account.go:107.109,111.16 4 34
github.com/lgsvl/data-marketplace-chaincode/resources/account.go:117.2,118.16 2 34
github.com/lgsvl/data-marketplace-chaincode/resources/account.go:123.2,123.12 1 23
github.com/lgsvl/data-marketplace-chaincode/resources/account.go:111.16,115.3 3 0
github.com/lgsvl/data-marketplace-chaincode/resources/account.go:118.16,122.3 3 11
github.com/lgsvl/data-marketplace-chaincode/resources/account.go:126.71,130.34 3 47
github.com/lgsvl/data-marketplace-chaincode/resources/account.go:136.2,136.12 1 45
github.com/lgsvl/data-marketplace-chaincode/resources/account.go:130.34,134.3 3 2
github.com/lgsvl/data-marketplace-chaincode/resources/account.go:139.114,144.16 4 2
github.com/lgsvl/data-marketplace-chaincode/resources/account.go:148.2,148.29 1 1
github.com/lgsvl/data-marketplace-chaincode/resources/account.go:144.16,147.3 2 1
github.com/lgsvl/data-marketplace-chaincode/resources/account.go:151.142,156.16 4 12
github.com/lgsvl/data-marketplace-chaincode/resources/account.go:160.2,160.50 1 11
github.com/lgsvl/data-marketplace-chaincode/resources/account.go:166.2,167.16 2 9
github.com/lgsvl/data-marketplace-chaincode/resources/account.go:172.2,172.29 1 8
github.com/lgsvl/data-marketplace-chaincode/resources/account.go:176.2,176.49 1 8
github.com/lgsvl/data-marketplace-chaincode/resources/account.go:182.2,185.16 3 8
github.com/lgsvl/data-marketplace-chaincode/resources/account.go:190.2,190.18 1 7
github.com/lgsvl/data-marketplace-chaincode/resources/account.go:156.16,159.3 2 1
github.com/lgsvl/data-marketplace-chaincode/resources/account.go:160.50,164.3 3 2
github.com/lgsvl/data-marketplace-chaincode/resources/account.go:167.16,170.3 2 1
github.com/lgsvl/data-marketplace-chaincode/resources/account.go:172.29,174.3 1 0
github.com/lgsvl/data-marketplace-chaincode/resources/account.go:176.49,178.3 1 8
github.com/lgsvl/data-marketplace-chaincode/resources/account.go:178.8,180.3 1 0
github.com/lgsvl/data-marketplace-chaincode/resources/account.go:185.16,188.3 2 1
github.com/lgsvl/data-marketplace-chaincode/resources/account.go:193.129,198.16 4 4
github.com/lgsvl/data-marketplace-chaincode/resources/account.go:203.2,203.55 1 3
github.com/lgsvl/data-marketplace-chaincode/resources/account.go:207.2,207.15 1 2
github.com/lgsvl/data-marketplace-chaincode/resources/account.go:198.16,201.3 2 1
github.com/lgsvl/data-marketplace-chaincode/resources/account.go:203.55,205.3 1 1
github.com/lgsvl/data-marketplace-chaincode/resources/account.go:209.134,213.2 3 0
github.com/lgsvl/data-marketplace-chaincode/resources/account.go:215.152,220.16 4 8
github.com/lgsvl/data-marketplace-chaincode/resources/account.go:225.2,226.16 2 7
github.com/lgsvl/data-marketplace-chaincode/resources/account.go:231.2,232.9 2 6
github.com/lgsvl/data-marketplace-chaincode/resources/account.go:236.2,236.24 1 6
github.com/lgsvl/data-marketplace-chaincode/resources/account.go:240.2,241.16 2 4
github.com/lgsvl/data-marketplace-chaincode/resources/account.go:246.2,247.16 2 3
github.com/lgsvl/data-marketplace-chaincode/resources/account.go:254.2,255.16 2 2
github.com/lgsvl/data-marketplace-chaincode/resources/account.go:262.2,262.18 1 1
github.com/lgsvl/data-marketplace-chaincode/resources/account.go:220.16,223.3 2 1
github.com/lgsvl/data-marketplace-chaincode/resources/account.go:226.16,229.3 2 1
github.com/lgsvl/data-marketplace-chaincode/resources/account.go:232.9,234.3 1 1
github.com/lgsvl/data-marketplace-chaincode/resources/account.go:236.24,238.3 1 2
github.com/lgsvl/data-marketplace-chaincode/resources/account.go:241.16,244.3 2 1
github.com/lgsvl/data-marketplace-chaincode/resources/account.go:247.16,252.3 3 1
github.com/lgsvl/data-marketplace-chaincode/resources/account.go:255.16,260.3 3 1
github.com/lgsvl/data-marketplace-chaincode/resources/account.go:265.150,270.9 4 5
github.com/lgsvl/data-marketplace-chaincode/resources/account.go:273.2,277.20 4 5
github.com/lgsvl/data-marketplace-chaincode/resources/account.go:283.2,284.16 2 5
github.com/lgsvl/data-marketplace-chaincode/resources/account.go:289.2,289.23 1 3
github.com/lgsvl/data-marketplace-chaincode/resources/account.go:270.9,272.3 1 0
github.com/lgsvl/data-marketplace-chaincode/resources/account.go:277.20,279.3 1 1
github.com/lgsvl/data-marketplace-chaincode/resources/account.go:279.8,281.3 1 4
github.com/lgsvl/data-marketplace-chaincode/resources/account.go:284.16,287.3 2 2
github.com/lgsvl/data-marketplace-chaincode/resources/account.go:292.127,299.16 6 5
github.com/lgsvl/data-marketplace-chaincode/resources/account.go:304.2,304.23 1 3
github.com/lgsvl/data-marketplace-chaincode/resources/account.go:299.16,302.3 2 2
github.com/lgsvl/data-marketplace-chaincode/resources/account.go:307.125,315.16 6 6
github.com/lgsvl/data-marketplace-chaincode/resources/account.go:320.2,320.23 1 4
github.com/lgsvl/data-marketplace-chaincode/resources/account.go:315.16,318.3 2 2
github.com/lgsvl/data-marketplace-chaincode/resources/account.go:323.130,327.24 4 7
github.com/lgsvl/data-marketplace-chaincode/resources/account.go:331.2,333.16 3 6
github.com/lgsvl/data-marketplace-chaincode/resources/account.go:338.2,338.23 1 4
github.com/lgsvl/data-marketplace-chaincode/resources/account.go:327.24,329.3 1 1
github.com/lgsvl/data-marketplace-chaincode/resources/account.go:333.16,336.3 2 2
github.com/lgsvl/data-marketplace-chaincode/resources/business.go:26.116,33.16 6 5
github.com/lgsvl/data-marketplace-chaincode/resources/business.go:38.2,39.16 2 4
github.com/lgsvl/data-marketplace-chaincode/resources/business.go:49.2,50.16 2 2
github.com/lgsvl/data-marketplace-chaincode/resources/business.go:55.2,56.16 2 2
github.com/lgsvl/data-marketplace-chaincode/resources/business.go:61.2,61.26 1 1
github.com/lgsvl/data-marketplace-chaincode/resources/business.go:33.16,36.3 2 1
github.com/lgsvl/data-marketplace-chaincode/resources/business.go:39.16,43.3 3 1
github.com/lgsvl/data-marketplace-chaincode/resources/business.go:43.8,43.33 1 3
github.com/lgsvl/data-marketplace-chaincode/resources/business.go:43.33,47.3 3 1
github.com/lgsvl/data-marketplace-chaincode/resources/business.go:50.16,53.3 2 0
github.com/lgsvl/data-marketplace-chaincode/resources/business.go:56.16,59.3 2 1
github.com/lgsvl/data-marketplace-chaincode/resources/business.go:64.105,68.16 4 2
github.com/lgsvl/data-marketplace-chaincode/resources/business.go:72.2,72.31 1 1
github.com/lgsvl/data-marketplace-chaincode/resources/business.go:68.16,71.3 2 1
github.com/lgsvl/data-marketplace-chaincode/resources/business.go:75.114,80.16 4 25
github.com/lgsvl/data-marketplace-chaincode/resources/business.go:89.2,91.16 3 19
github.com/lgsvl/data-marketplace-chaincode/resources/business.go:97.2,98.16 2 18
github.com/lgsvl/data-marketplace-chaincode/resources/business.go:103.2,104.16 2 16
github.com/lgsvl/data-marketplace-chaincode/resources/business.go:109.2,109.29 1 16
github.com/lgsvl/data-marketplace-chaincode/resources/business.go:80.16,84.3 3 3
github.com/lgsvl/data-marketplace-chaincode/resources/business.go:84.8,84.35 1 22
github.com/lgsvl/data-marketplace-chaincode/resources/business.go:84.35,88.3 3 3
github.com/lgsvl/data-marketplace-chaincode/resources/business.go:91.16,95.3 3 1
github.com/lgsvl/data-marketplace-chaincode/resources/business.go:98.16,101.3 2 2
github.com/lgsvl/data-marketplace-chaincode/resources/business.go:104.16,107.3 2 0
github.com/lgsvl/data-marketplace-chaincode/resources/business.go:112.72,116.35 3 23
github.com/lgsvl/data-marketplace-chaincode/resources/business.go:122.2,122.12 1 20
github.com/lgsvl/data-marketplace-chaincode/resources/business.go:116.35,120.3 3 3
github.com/lgsvl/data-marketplace-chaincode/resources/business.go:125.115,130.16 5 4
github.com/lgsvl/data-marketplace-chaincode/resources/business.go:134.2,135.16 2 4
github.com/lgsvl/data-marketplace-chaincode/resources/business.go:139.2,139.12 1 3
github.com/lgsvl/data-marketplace-chaincode/resources/business.go:130.16,133.3 2 0
github.com/lgsvl/data-marketplace-chaincode/resources/business.go:135.16,138.3 2 1
github.com/lgsvl/data-marketplace-chaincode/resources/business.go:142.115,146.16 3 2
github.com/lgsvl/data-marketplace-chaincode/resources/business.go:150.2,151.16 2 2
github.com/lgsvl/data-marketplace-chaincode/resources/business.go:155.2,155.12 1 1
github.com/lgsvl/data-marketplace-chaincode/resources/business.go:146.16,149.3 2 0
github.com/lgsvl/data-marketplace-chaincode/resources/business.go:151.16,154.3 2 1
github.com/lgsvl/data-marketplace-chaincode/resources/data_contract.go:31.152,37.16 4 12
github.com/lgsvl/data-marketplace-chaincode/resources/data_contract.go:43.2,44.16 2 7
github.com/lgsvl/data-marketplace-chaincode/resources/data_contract.go:48.2,49.16 2 7
github.com/lgsvl/data-marketplace-chaincode/resources/data_contract.go:54.2,55.16 2 7
github.com/lgsvl/data-marketplace-chaincode/resources/data_contract.go:60.2,60.15 1 6
github.com/lgsvl/data-marketplace-chaincode/resources/data_contract.go:66.2,67.16 2 6
github.com/lgsvl/data-marketplace-chaincode/resources/data_contract.go:77.2,77.175 1 4
github.com/lgsvl/data-marketplace-chaincode/resources/data_contract.go:83.2,83.43 1 2
github.com/lgsvl/data-marketplace-chaincode/resources/data_contract.go:90.2,91.39 2 0
github.com/lgsvl/data-marketplace-chaincode/resources/data_contract.go:103.2,114.16 3 0
github.com/lgsvl/data-marketplace-chaincode/resources/data_contract.go:119.2,120.16 2 0
github.com/lgsvl/data-marketplace-chaincode/resources/data_contract.go:125.2,125.26 1 0
github.com/lgsvl/data-marketplace-chaincode/resources/data_contract.go:37.16,40.3 2 5
github.com/lgsvl/data-marketplace-chaincode/resources/data_contract.go:44.16,47.3 2 0
github.com/lgsvl/data-marketplace-chaincode/resources/data_contract.go:49.16,52.3 2 0
github.com/lgsvl/data-marketplace-chaincode/resources/data_contract.go:55.16,58.3 2 1
github.com/lgsvl/data-marketplace-chaincode/resources/data_contract.go:60.15,64.3 3 0
github.com/lgsvl/data-marketplace-chaincode/resources/data_contract.go:67.16,71.3 3 1
github.com/lgsvl/data-marketplace-chaincode/resources/data_contract.go:71.8,71.37 1 5
github.com/lgsvl/data-marketplace-chaincode/resources/data_contract.go:71.37,75.3 3 1
github.com/lgsvl/data-marketplace-chaincode/resources/data_contract.go:77.175,81.3 3 2
github.com/lgsvl/data-marketplace-chaincode/resources/data_contract.go:83.43,84.170 1 2
github.com/lgsvl/data-marketplace-chaincode/resources/data_contract.go:84.170,88.4 3 2
github.com/lgsvl/data-marketplace-chaincode/resources/data_contract.go:91.39,96.3 1 0
github.com/lgsvl/data-marketplace-chaincode/resources/data_contract.go:96.8,97.42 1 0
github.com/lgsvl/data-marketplace-chaincode/resources/data_contract.go:97.42,100.4 1 0
github.com/lgsvl/data-marketplace-chaincode/resources/data_contract.go:114.16,117.3 2 0
github.com/lgsvl/data-marketplace-chaincode/resources/data_contract.go:120.16,123.3 2 0
github.com/lgsvl/data-marketplace-chaincode/resources/data_contract.go:128.109,133.16 4 2
github.com/lgsvl/data-marketplace-chaincode/resources/data_contract.go:138.2,138.42 1 1
github.com/lgsvl/data-marketplace-chaincode/resources/data_contract.go:133.16,136.3 2 1
github.com/lgsvl/data-marketplace-chaincode/resources/data_contract.go:141.118,145.16 4 7
github.com/lgsvl/data-marketplace-chaincode/resources/data_contract.go:154.2,156.16 3 5
github.com/lgsvl/data-marketplace-chaincode/resources/data_contract.go:162.2,162.51 1 4
github.com/lgsvl/data-marketplace-chaincode/resources/data_contract.go:168.2,169.16 2 2
github.com/lgsvl/data-marketplace-chaincode/resources/data_contract.go:174.2,174.33 1 2
github.com/lgsvl/data-marketplace-chaincode/resources/data_contract.go:145.16,149.3 3 1
github.com/lgsvl/data-marketplace-chaincode/resources/data_contract.go:149.8,149.39 1 6
github.com/lgsvl/data-marketplace-chaincode/resources/data_contract.go:149.39,153.3 3 1
github.com/lgsvl/data-marketplace-chaincode/resources/data_contract.go:156.16,160.3 3 1
github.com/lgsvl/data-marketplace-chaincode/resources/data_contract.go:162.51,166.3 3 2
github.com/lgsvl/data-marketplace-chaincode/resources/data_contract.go:169.16,172.3 2 0
github.com/lgsvl/data-marketplace-chaincode/resources/data_contract.go:177.110,181.40 3 0
github.com/lgsvl/data-marketplace-chaincode/resources/data_contract.go:187.2,188.16 2 0
github.com/lgsvl/data-marketplace-chaincode/resources/data_contract.go:193.2,193.12 1 0
github.com/lgsvl/data-marketplace-chaincode/resources/data_contract.go:181.40,185.3 3 0
github.com/lgsvl/data-marketplace-chaincode/resources/data_contract.go:188.16,191.3 2 0
github.com/lgsvl/data-marketplace-chaincode/resources/data_contract.go:196.144,201.16 4 12
github.com/lgsvl/data-marketplace-chaincode/resources/data_contract.go:206.2,207.16 2 10
github.com/lgsvl/data-marketplace-chaincode/resources/data_contract.go:212.2,215.16 3 7
github.com/lgsvl/data-marketplace-chaincode/resources/data_contract.go:220.2,220.30 1 7
github.com/lgsvl/data-marketplace-chaincode/resources/data_contract.go:201.16,204.3 2 2
github.com/lgsvl/data-marketplace-chaincode/resources/data_contract.go:207.16,210.3 2 3
github.com/lgsvl/data-marketplace-chaincode/resources/data_contract.go:215.16,219.3 3 0
github.com/lgsvl/data-marketplace-chaincode/resources/data_contract.go:223.160,228.13 4 2
github.com/lgsvl/data-marketplace-chaincode/resources/data_contract.go:231.2,232.16 2 2
github.com/lgsvl/data-marketplace-chaincode/resources/data_contract.go:236.2,237.16 2 2
github.com/lgsvl/data-marketplace-chaincode/resources/data_contract.go:242.2,242.12 1 1
github.com/lgsvl/data-marketplace-chaincode/resources/data_contract.go:228.13,230.3 1 0
github.com/lgsvl/data-marketplace-chaincode/resources/data_contract.go:232.16,235.3 2 0
github.com/lgsvl/data-marketplace-chaincode/resources/data_contract.go:237.16,241.3 3 1
github.com/lgsvl/data-marketplace-chaincode/fakes/chaincode_stub.go:483.91,485.17 2 0
github.com/lgsvl/data-marketplace-chaincode/fakes/chaincode_stub.go:489.2,497.40 6 0
github.com/lgsvl/data-marketplace-chaincode/fakes/chaincode_stub.go:500.2,500.20 1 0
github.com/lgsvl/data-marketplace-chaincode/fakes/chaincode_stub.go:503.2,504.49 2 0
github.com/lgsvl/data-marketplace-chaincode/fakes/chaincode_stub.go:485.17,488.3 2 0
github.com/lgsvl/data-marketplace-chaincode/fakes/chaincode_stub.go:497.40,499.3 1 0
github.com/lgsvl/data-marketplace-chaincode/fakes/chaincode_stub.go:500.20,502.3 1 0
github.com/lgsvl/data-marketplace-chaincode/fakes/chaincode_stub.go:507.62,511.2 3 0
github.com/lgsvl/data-marketplace-chaincode/fakes/chaincode_stub.go:513.97,517.2 3 0
github.com/lgsvl/data-marketplace-chaincode/fakes/chaincode_stub.go:519.84,524.2 4 0
github.com/lgsvl/data-marketplace-chaincode/fakes/chaincode_stub.go:526.85,534.2 4 0
github.com/lgsvl/data-marketplace-chaincode/fakes/chaincode_stub.go:536.98,540.49 4 0
github.com/lgsvl/data-marketplace-chaincode/fakes/chaincode_stub.go:546.2,549.21 1 0
github.com/lgsvl/data-marketplace-chaincode/fakes/chaincode_stub.go:540.49,545.3 1 0
github.com/lgsvl/data-marketplace-chaincode/fakes/chaincode_stub.go:552.75,561.36 6 0
github.com/lgsvl/data-marketplace-chaincode/fakes/chaincode_stub.go:564.2,564.20 1 0
github.com/lgsvl/data-marketplace-chaincode/fakes/chaincode_stub.go:567.2,568.28 2 0
github.com/lgsvl/data-marketplace-chaincode/fakes/chaincode_stub.go:561.36,563.3 1 0
github.com/lgsvl/data-marketplace-chaincode/fakes/chaincode_stub.go:564.20,566.3 1 0
github.com/lgsvl/data-marketplace-chaincode/fakes/chaincode_stub.go:571.58,575.2 3 0
github.com/lgsvl/data-marketplace-chaincode/fakes/chaincode_stub.go:577.81,581.2 3 0
github.com/lgsvl/data-marketplace-chaincode/fakes/chaincode_stub.go:583.78,588.2 4 0
github.com/lgsvl/data-marketplace-chaincode/fakes/chaincode_stub.go:590.65,597.2 4 0
github.com/lgsvl/data-marketplace-chaincode/fakes/chaincode_stub.go:599.78,603.45 4 0
github.com/lgsvl/data-marketplace-chaincode/fakes/chaincode_stub.go:608.2,610.12 1 0
github.com/lgsvl/data-marketplace-chaincode/fakes/chaincode_stub.go:603.45,607.3 1 0
github.com/lgsvl/data-marketplace-chaincode/fakes/chaincode_stub.go:613.56,621.30 6 0
github.com/lgsvl/data-marketplace-chaincode/fakes/chaincode_stub.go:624.2,624.20 1 0
github.com/lgsvl/data-marketplace-chaincode/fakes/chaincode_stub.go:627.2,628.28 2 0
github.com/lgsvl/data-marketplace-chaincode/fakes/chaincode_stub.go:621.30,623.3 1 0
github.com/lgsvl/data-marketplace-chaincode/fakes/chaincode_stub.go:624.20,626.3 1 0
github.com/lgsvl/data-marketplace-chaincode/fakes/chaincode_stub.go:631.52,635.2 3 0
github.com/lgsvl/data-marketplace-chaincode/fakes/chaincode_stub.go:637.67,641.2 3 0
github.com/lgsvl/data-marketplace-chaincode/fakes/chaincode_stub.go:643.62,648.2 4 0
github.com/lgsvl/data-marketplace-chaincode/fakes/chaincode_stub.go:650.59,657.2 4 0
github.com/lgsvl/data-marketplace-chaincode/fakes/chaincode_stub.go:659.72,663.39 4 0
github.com/lgsvl/data-marketplace-chaincode/fakes/chaincode_stub.go:668.2,670.12 1 0
github.com/lgsvl/data-marketplace-chaincode/fakes/chaincode_stub.go:663.39,667.3 1 0
github.com/lgsvl/data-marketplace-chaincode/fakes/chaincode_stub.go:673.47,680.29 6 0
github.com/lgsvl/data-marketplace-chaincode/fakes/chaincode_stub.go:683.2,683.20 1 0
github.com/lgsvl/data-marketplace-chaincode/fakes/chaincode_stub.go:686.2,687.28 2 0
github.com/lgsvl/data-marketplace-chaincode/fakes/chaincode_stub.go:680.29,682.3 1 0
github.com/lgsvl/data-marketplace-chaincode/fakes/chaincode_stub.go:683.20,685.3 1 0
github.com/lgsvl/data-marketplace-chaincode/fakes/chaincode_stub.go:690.51,694.2 3 0
github.com/lgsvl/data-marketplace-chaincode/fakes/chaincode_stub.go:696.63,700.2 3 0
github.com/lgsvl/data-marketplace-chaincode/fakes/chaincode_stub.go:702.61,709.2 4 0
github.com/lgsvl/data-marketplace-chaincode/fakes/chaincode_stub.go:711.74,715.38 4 0
github.com/lgsvl/data-marketplace-chaincode/fakes/chaincode_stub.go:720.2,722.12 1 0
github.com/lgsvl/data-marketplace-chaincode/fakes/chaincode_stub.go:715.38,719.3 1 0
github.com/lgsvl/data-marketplace-chaincode/fakes/chaincode_stub.go:725.59,732.34 6 0
github.com/lgsvl/data-marketplace-chaincode/fakes/chaincode_stub.go:735.2,735.20 1 0
github.com/lgsvl/data-marketplace-chaincode/fakes/chaincode_stub.go:738.2,739.49 2 0
github.com/lgsvl/data-marketplace-chaincode/fakes/chaincode_stub.go:732.34,734.3 1 0
github.com/lgsvl/data-marketplace-chaincode/fakes/chaincode_stub.go:735.20,737.3 1 0
github.com/lgsvl/data-marketplace-chaincode/fakes/chaincode_stub.go:742.56,746.2 3 0
github.com/lgsvl/data-marketplace-chaincode/fakes/chaincode_stub.go:748.75,752.2 3 0
github.com/lgsvl/data-marketplace-chaincode/fakes/chaincode_stub.go:754.79,762.2 4 0
github.com/lgsvl/data-marketplace-chaincode/fakes/chaincode_stub.go:764.92,768.43 4 0
github.com/lgsvl/data-marketplace-chaincode/fakes/chaincode_stub.go:774.2,777.21 1 0
github.com/lgsvl/data-marketplace-chaincode/fakes/chaincode_stub.go:768.43,773.3 1 0
github.com/lgsvl/data-marketplace-chaincode/fakes/chaincode_stub.go:780.57,787.32 6 0
github.com/lgsvl/data-marketplace-chaincode/fakes/chaincode_stub.go:790.2,790.20 1 0
github.com/lgsvl/data-marketplace-chaincode/fakes/chaincode_stub.go:793.2,794.49 2 0
github.com/lgsvl/data-marketplace-chaincode/fakes/chaincode_stub.go:787.32,789.3 1 0
github.com/lgsvl/data-marketplace-chaincode/fakes/chaincode_stub.go:790.20,792.3 1 0
github.com/lgsvl/data-marketplace-chaincode/fakes/chaincode_stub.go:797.54,801.2 3 0
github.com/lgsvl/data-marketplace-chaincode/fakes/chaincode_stub.go:803.73,807.2 3 0
github.com/lgsvl/data-marketplace-chaincode/fakes/chaincode_stub.go:809.77,817.2 4 0
github.com/lgsvl/data-marketplace-chaincode/fakes/chaincode_stub.go:819.90,823.41 4 0
github.com/lgsvl/data-marketplace-chaincode/fakes/chaincode_stub.go:829.2,832.21 1 0
github.com/lgsvl/data-marketplace-chaincode/fakes/chaincode_stub.go:823.41,828.3 1 0
github.com/lgsvl/data-marketplace-chaincode/fakes/chaincode_stub.go:835.50,842.34 6 0
github.com/lgsvl/data-marketplace-chaincode/fakes/chaincode_stub.go:845.2,845.20 1 0
github.com/lgsvl/data-marketplace-chaincode/fakes/chaincode_stub.go:848.2,849.28 2 0
github.com/lgsvl/data-marketplace-chaincode/fakes/chaincode_stub.go:842.34,844.3 1 0
github.com/lgsvl/data-marketplace-chaincode/fakes/chaincode_stub.go:845.20,847.3 1 0
github.com/lgsvl/data-marketplace-chaincode/fakes/chaincode_stub.go:852.56,856.2 3 0
github.com/lgsvl/data-marketplace-chaincode/fakes/chaincode_stub.go:858.66,862.2 3 0
github.com/lgsvl/data-marketplace-chaincode/fakes/chaincode_stub.go:864.64,871.2 4 0
github.com/lgsvl/data-marketplace-chaincode/fakes/chaincode_stub.go:873.77,877.43 4 0
github.com/lgsvl/data-marketplace-chaincode/fakes/chaincode_stub.go:882.2,884.12 1 0
github.com/lgsvl/data-marketplace-chaincode/fakes/chaincode_stub.go:877.43,881.3 1 0
github.com/lgsvl/data-marketplace-chaincode/fakes/chaincode_stub.go:887.57,894.32 6 0
github.com/lgsvl/data-marketplace-chaincode/fakes/chaincode_stub.go:897.2,897.20 1 0
github.com/lgsvl/data-marketplace-chaincode/fakes/chaincode_stub.go:900.2,901.49 2 0
github.com/lgsvl/data-marketplace-chaincode/fakes/chaincode_stub.go:894.32,896.3 1 0
github.com/lgsvl/data-marketplace-chaincode/fakes/chaincode_stub.go:897.20,899.3 1 0
github.com/lgsvl/data-marketplace-chaincode/fakes/chaincode_stub.go:904.54,908.2 3 0
github.com/lgsvl/data-marketplace-chaincode/fakes/chaincode_stub.go:910.73,914.2 3 0
github.com/lgsvl/data-marketplace-chaincode/fakes/chaincode_stub.go:916.77,924.2 4 0
github.com/lgsvl/data-marketplace-chaincode/fakes/chaincode_stub.go:926.90,930.41 4 0
github.com/lgsvl/data-marketplace-chaincode/fakes/chaincode_stub.go:936.2,939.21 1 0
github.com/lgsvl/data-marketplace-chaincode/fakes/chaincode_stub.go:930.41,935.3 1 0
github.com/lgsvl/data-marketplace-chaincode/fakes/chaincode_stub.go:942.63,949.36 6 0
github.com/lgsvl/data-marketplace-chaincode/fakes/chaincode_stub.go:952.2,952.20 1 0
github.com/lgsvl/data-marketplace-chaincode/fakes/chaincode_stub.go:955.2,956.28 2 0
github.com/lgsvl/data-marketplace-chaincode/fakes/chaincode_stub.go:949.36,951.3 1 0
github.com/lgsvl/data-marketplace-chaincode/fakes/chaincode_stub.go:952.20,954.3 1 0
github.com/lgsvl/data-marketplace-chaincode/fakes/chaincode_stub.go:959.58,963.2 3 0
github.com/lgsvl/data-marketplace-chaincode/fakes/chaincode_stub.go:965.79,969.2 3 0
github.com/lgsvl/data-marketplace-chaincode/fakes/chaincode_stub.go:971.77,978.2 4 0
github.com/lgsvl/data-marketplace-chaincode/fakes/chaincode_stub.go:980.90,984.45 4 0
github.com/lgsvl/data-marketplace-chaincode/fakes/chaincode_stub.go:989.2,991.12 1 0
github.com/lgsvl/data-marketplace-chaincode/fakes/chaincode_stub.go:984.45,988.3 1 0
github.com/lgsvl/data-marketplace-chaincode/fakes/chaincode_stub.go:994.74,1001.46 6 0
github.com/lgsvl/data-marketplace-chaincode/fakes/chaincode_stub.go:1004.2,1004.20 1 0
github.com/lgsvl/data-marketplace-chaincode/fakes/chaincode_stub.go:1007.2,1008.49 2 0
github.com/lgsvl/data-marketplace-chaincode/fakes/chaincode_stub.go:1001.46,1003.3 1 0
github.com/lgsvl/data-marketplace-chaincode/fakes/chaincode_stub.go:1004.20,1006.3 1 0
github.com/lgsvl/data-marketplace-chaincode/fakes/chaincode_stub.go:1011.68,1015.2 3 0
github.com/lgsvl/data-marketplace-chaincode/fakes/chaincode_stub.go:1017.90,1021.2 3 0
github.com/lgsvl/data-marketplace-chaincode/fakes/chaincode_stub.go:1023.94,1031.2 4 0
github.com/lgsvl/data-marketplace-chaincode/fakes/chaincode_stub.go:1033.107,1037.55 4 0
github.com/lgsvl/data-marketplace-chaincode/fakes/chaincode_stub.go:1043.2,1046.21 1 0
github.com/lgsvl/data-marketplace-chaincode/fakes/chaincode_stub.go:1037.55,1042.3 1 0
github.com/lgsvl/data-marketplace-chaincode/fakes/chaincode_stub.go:1049.102,1057.38 6 0
github.com/lgsvl/data-marketplace-chaincode/fakes/chaincode_stub.go:1060.2,1060.20 1 0
github.com/lgsvl/data-marketplace-chaincode/fakes/chaincode_stub.go:1063.2,1064.49 2 0
github.com/lgsvl/data-marketplace-chaincode/fakes/chaincode_stub.go:1057.38,1059.3 1 0
github.com/lgsvl/data-marketplace-chaincode/fakes/chaincode_stub.go:1060.20,1062.3 1 0
github.com/lgsvl/data-marketplace-chaincode/fakes/chaincode_stub.go:1067.60,1071.2 3 0
github.com/lgsvl/data-marketplace-chaincode/fakes/chaincode_stub.go:1073.113,1077.2 3 0
github.com/lgsvl/data-marketplace-chaincode/fakes/chaincode_stub.go:1079.70,1084.2 4 0
github.com/lgsvl/data-marketplace-chaincode/fakes/chaincode_stub.go:1086.111,1094.2 4 0
github.com/lgsvl/data-marketplace-chaincode/fakes/chaincode_stub.go:1096.124,1100.47 4 0
github.com/lgsvl/data-marketplace-chaincode/fakes/chaincode_stub.go:1106.2,1109.21 1 0
github.com/lgsvl/data-marketplace-chaincode/fakes/chaincode_stub.go:1100.47,1105.3 1 0
github.com/lgsvl/data-marketplace-chaincode/fakes/chaincode_stub.go:1112.85,1121.36 6 0
github.com/lgsvl/data-marketplace-chaincode/fakes/chaincode_stub.go:1124.2,1124.20 1 0
github.com/lgsvl/data-marketplace-chaincode/fakes/chaincode_stub.go:1127.2,1128.49 2 0
github.com/lgsvl/data-marketplace-chaincode/fakes/chaincode_stub.go:1121.36,1123.3 1 0
github.com/lgsvl/data-marketplace-chaincode/fakes/chaincode_stub.go:1124.20,1126.3 1 0
github.com/lgsvl/data-marketplace-chaincode/fakes/chaincode_stub.go:1131.58,1135.2 3 0
github.com/lgsvl/data-marketplace-chaincode/fakes/chaincode_stub.go:1137.91,1141.2 3 0
github.com/lgsvl/data-marketplace-chaincode/fakes/chaincode_stub.go:1143.78,1148.2 4 0
github.com/lgsvl/data-marketplace-chaincode/fakes/chaincode_stub.go:1150.81,1158.2 4 0
github.com/lgsvl/data-marketplace-chaincode/fakes/chaincode_stub.go:1160.94,1164.45 4 0
github.com/lgsvl/data-marketplace-chaincode/fakes/chaincode_stub.go:1170.2,1173.21 1 0
github.com/lgsvl/data-marketplace-chaincode/fakes/chaincode_stub.go:1164.45,1169.3 1 0
github.com/lgsvl/data-marketplace-chaincode/fakes/chaincode_stub.go:1176.147,1178.17 2 0
github.com/lgsvl/data-marketplace-chaincode/fakes/chaincode_stub.go:1182.2,1191.57 6 0
github.com/lgsvl/data-marketplace-chaincode/fakes/chaincode_stub.go:1194.2,1194.20 1 0
github.com/lgsvl/data-marketplace-chaincode/fakes/chaincode_stub.go:1197.2,1198.49 2 0
github.com/lgsvl/data-marketplace-chaincode/fakes/chaincode_stub.go:1178.17,1181.3 2 0
github.com/lgsvl/data-marketplace-chaincode/fakes/chaincode_stub.go:1191.57,1193.3 1 0
github.com/lgsvl/data-marketplace-chaincode/fakes/chaincode_stub.go:1194.20,1196.3 1 0
github.com/lgsvl/data-marketplace-chaincode/fakes/chaincode_stub.go:1201.79,1205.2 3 0
github.com/lgsvl/data-marketplace-chaincode/fakes/chaincode_stub.go:1207.148,1211.2 3 0
github.com/lgsvl/data-marketplace-chaincode/fakes/chaincode_stub.go:1213.109,1218.2 4 0
github.com/lgsvl/data-marketplace-chaincode/fakes/chaincode_stub.go:1220.128,1228.2 4 0
github.com/lgsvl/data-marketplace-chaincode/fakes/chaincode_stub.go:1230.141,1234.66 4 0
github.com/lgsvl/data-marketplace-chaincode/fakes/chaincode_stub.go:1240.2,1243.21 1 0
github.com/lgsvl/data-marketplace-chaincode/fakes/chaincode_stub.go:1234.66,1239.3 1 0
github.com/lgsvl/data-marketplace-chaincode/fakes/chaincode_stub.go:1246.131,1256.43 6 0
github.com/lgsvl/data-marketplace-chaincode/fakes/chaincode_stub.go:1259.2,1259.20 1 0
github.com/lgsvl/data-marketplace-chaincode/fakes/chaincode_stub.go:1262.2,1263.49 2 0
github.com/lgsvl/data-marketplace-chaincode/fakes/chaincode_stub.go:1256.43,1258.3 1 0
github.com/lgsvl/data-marketplace-chaincode/fakes/chaincode_stub.go:1259.20,1261.3 1 0
github.com/lgsvl/data-marketplace-chaincode/fakes/chaincode_stub.go:1266.65,1270.2 3 0
github.com/lgsvl/data-marketplace-chaincode/fakes/chaincode_stub.go:1272.132,1276.2 3 0
github.com/lgsvl/data-marketplace-chaincode/fakes/chaincode_stub.go:1278.93,1283.2 4 0
github.com/lgsvl/data-marketplace-chaincode/fakes/chaincode_stub.go:1285.114,1293.2 4 0
github.com/lgsvl/data-marketplace-chaincode/fakes/chaincode_stub.go:1295.127,1299.52 4 0
github.com/lgsvl/data-marketplace-chaincode/fakes/chaincode_stub.go:1305.2,1308.21 1 0
github.com/lgsvl/data-marketplace-chaincode/fakes/chaincode_stub.go:1299.52,1304.3 1 0
github.com/lgsvl/data-marketplace-chaincode/fakes/chaincode_stub.go:1311.122,1320.47 6 0
github.com/lgsvl/data-marketplace-chaincode/fakes/chaincode_stub.go:1323.2,1323.20 1 0
github.com/lgsvl/data-marketplace-chaincode/fakes/chaincode_stub.go:1326.2,1327.49 2 0
github.com/lgsvl/data-marketplace-chaincode/fakes/chaincode_stub.go:1320.47,1322.3 1 0
github.com/lgsvl/data-marketplace-chaincode/fakes/chaincode_stub.go:1323.20,1325.3 1 0
github.com/lgsvl/data-marketplace-chaincode/fakes/chaincode_stub.go:1330.69,1334.2 3 0
github.com/lgsvl/data-marketplace-chaincode/fakes/chaincode_stub.go:1336.128,1340.2 3 0
github.com/lgsvl/data-marketplace-chaincode/fakes/chaincode_stub.go:1342.89,1347.2 4 0
github.com/lgsvl/data-marketplace-chaincode/fakes/chaincode_stub.go:1349.118,1357.2 4 0
github.com/lgsvl/data-marketplace-chaincode/fakes/chaincode_stub.go:1359.131,1363.56 4 0
github.com/lgsvl/data-marketplace-chaincode/fakes/chaincode_stub.go:1369.2,1372.21 1 0
github.com/lgsvl/data-marketplace-chaincode/fakes/chaincode_stub.go:1363.56,1368.3 1 0
github.com/lgsvl/data-marketplace-chaincode/fakes/chaincode_stub.go:1375.104,1384.55 6 0
github.com/lgsvl/data-marketplace-chaincode/fakes/chaincode_stub.go:1387.2,1387.20 1 0
github.com/lgsvl/data-marketplace-chaincode/fakes/chaincode_stub.go:1390.2,1391.49 2 0
github.com/lgsvl/data-marketplace-chaincode/fakes/chaincode_stub.go:1384.55,1386.3 1 0
github.com/lgsvl/data-marketplace-chaincode/fakes/chaincode_stub.go:1387.20,1389.3 1 0
github.com/lgsvl/data-marketplace-chaincode/fakes/chaincode_stub.go:1394.77,1398.2 3 0
github.com/lgsvl/data-marketplace-chaincode/fakes/chaincode_stub.go:1400.110,1404.2 3 0
github.com/lgsvl/data-marketplace-chaincode/fakes/chaincode_stub.go:1406.97,1411.2 4 0
github.com/lgsvl/data-marketplace-chaincode/fakes/chaincode_stub.go:1413.100,1421.2 4 0
github.com/lgsvl/data-marketplace-chaincode/fakes/chaincode_stub.go:1423.113,1427.64 4 0
github.com/lgsvl/data-marketplace-chaincode/fakes/chaincode_stub.go:1433.2,1436.21 1 0
github.com/lgsvl/data-marketplace-chaincode/fakes/chaincode_stub.go:1427.64,1432.3 1 0
github.com/lgsvl/data-marketplace-chaincode/fakes/chaincode_stub.go:1439.98,1447.36 6 0
github.com/lgsvl/data-marketplace-chaincode/fakes/chaincode_stub.go:1450.2,1450.20 1 0
github.com/lgsvl/data-marketplace-chaincode/fakes/chaincode_stub.go:1453.2,1454.49 2 0
github.com/lgsvl/data-marketplace-chaincode/fakes/chaincode_stub.go:1447.36,1449.3 1 0
github.com/lgsvl/data-marketplace-chaincode/fakes/chaincode_stub.go:1450.20,1452.3 1 0
github.com/lgsvl/data-marketplace-chaincode/fakes/chaincode_stub.go:1457.58,1461.2 3 0
github.com/lgsvl/data-marketplace-chaincode/fakes/chaincode_stub.go:1463.109,1467.2 3 0
github.com/lgsvl/data-marketplace-chaincode/fakes/chaincode_stub.go:1469.68,1474.2 4 0
github.com/lgsvl/data-marketplace-chaincode/fakes/chaincode_stub.go:1476.107,1484.2 4 0
github.com/lgsvl/data-marketplace-chaincode/fakes/chaincode_stub.go:1486.120,1490.45 4 0
github.com/lgsvl/data-marketplace-chaincode/fakes/chaincode_stub.go:1496.2,1499.21 1 0
github.com/lgsvl/data-marketplace-chaincode/fakes/chaincode_stub.go:1490.45,1495.3 1 0
github.com/lgsvl/data-marketplace-chaincode/fakes/chaincode_stub.go:1502.166,1512.50 6 0
github.com/lgsvl/data-marketplace-chaincode/fakes/chaincode_stub.go:1515.2,1515.20 1 0
github.com/lgsvl/data-marketplace-chaincode/fakes/chaincode_stub.go:1518.2,1519.70 2 0
github.com/lgsvl/data-marketplace-chaincode/fakes/chaincode_stub.go:1512.50,1514.3 1 0
github.com/lgsvl/data-marketplace-chaincode/fakes/chaincode_stub.go:1515.20,1517.3 1 0
github.com/lgsvl/data-marketplace-chaincode/fakes/chaincode_stub.go:1522.72,1526.2 3 0
github.com/lgsvl/data-marketplace-chaincode/fakes/chaincode_stub.go:1528.167,1532.2 3 0
github.com/lgsvl/data-marketplace-chaincode/fakes/chaincode_stub.go:1534.99,1539.2 4 0
github.com/lgsvl/data-marketplace-chaincode/fakes/chaincode_stub.go:1541.158,1550.2 4 0
github.com/lgsvl/data-marketplace-chaincode/fakes/chaincode_stub.go:1552.171,1556.59 4 0
github.com/lgsvl/data-marketplace-chaincode/fakes/chaincode_stub.go:1563.2,1567.30 1 0
github.com/lgsvl/data-marketplace-chaincode/fakes/chaincode_stub.go:1556.59,1562.3 1 0
github.com/lgsvl/data-marketplace-chaincode/fakes/chaincode_stub.go:1570.78,1577.39 6 0
github.com/lgsvl/data-marketplace-chaincode/fakes/chaincode_stub.go:1580.2,1580.20 1 0
github.com/lgsvl/data-marketplace-chaincode/fakes/chaincode_stub.go:1583.2,1584.49 2 0
github.com/lgsvl/data-marketplace-chaincode/fakes/chaincode_stub.go:1577.39,1579.3 1 0
github.com/lgsvl/data-marketplace-chaincode/fakes/chaincode_stub.go:1580.20,1582.3 1 0
github.com/lgsvl/data-marketplace-chaincode/fakes/chaincode_stub.go:1587.61,1591.2 3 0
github.com/lgsvl/data-marketplace-chaincode/fakes/chaincode_stub.go:1593.94,1597.2 3 0
github.com/lgsvl/data-marketplace-chaincode/fakes/chaincode_stub.go:1599.98,1607.2 4 0
github.com/lgsvl/data-marketplace-chaincode/fakes/chaincode_stub.go:1609.111,1613.48 4 0
github.com/lgsvl/data-marketplace-chaincode/fakes/chaincode_stub.go:1619.2,1622.21 1 0
github.com/lgsvl/data-marketplace-chaincode/fakes/chaincode_stub.go:1613.48,1618.3 1 0
github.com/lgsvl/data-marketplace-chaincode/fakes/chaincode_stub.go:1625.66,1633.30 6 151
github.com/lgsvl/data-marketplace-chaincode/fakes/chaincode_stub.go:1636.2,1636.20 1 151
github.com/lgsvl/data-marketplace-chaincode/fakes/chaincode_stub.go:1639.2,1640.49 2 64
github.com/lgsvl/data-marketplace-chaincode/fakes/chaincode_stub.go:1633.30,1635.3 1 0
github.com/lgsvl/data-marketplace-chaincode/fakes/chaincode_stub.go:1636.20,1638.3 1 87
github.com/lgsvl/data-marketplace-chaincode/fakes/chaincode_stub.go:1643.52,1647.2 3 66
github.com/lgsvl/data-marketplace-chaincode/fakes/chaincode_stub.go:1649.77,1653.2 3 0
github.com/lgsvl/data-marketplace-chaincode/fakes/chaincode_stub.go:1655.62,1660.2 4 0
github.com/lgsvl/data-marketplace-chaincode/fakes/chaincode_stub.go:1662.75,1670.2 4 61
github.com/lgsvl/data-marketplace-chaincode/fakes/chaincode_stub.go:1672.88,1676.39 4 87
github.com/lgsvl/data-marketplace-chaincode/fakes/chaincode_stub.go:1682.2,1685.21 1 87
github.com/lgsvl/data-marketplace-chaincode/fakes/chaincode_stub.go:1676.39,1681.3 1 34
github.com/lgsvl/data-marketplace-chaincode/fakes/chaincode_stub.go:1688.128,1690.17 2 0
github.com/lgsvl/data-marketplace-chaincode/fakes/chaincode_stub.go:1694.2,1702.51 6 0
github.com/lgsvl/data-marketplace-chaincode/fakes/chaincode_stub.go:1705.2,1705.20 1 0
github.com/lgsvl/data-marketplace-chaincode/fakes/chaincode_stub.go:1708.2,1709.49 2 0
github.com/lgsvl/data-marketplace-chaincode/fakes/chaincode_stub.go:1690.17,1693.3 2 0
github.com/lgsvl/data-marketplace-chaincode/fakes/chaincode_stub.go:1702.51,1704.3 1 0
github.com/lgsvl/data-marketplace-chaincode/fakes/chaincode_stub.go:1705.20,1707.3 1 0
github.com/lgsvl/data-marketplace-chaincode/fakes/chaincode_stub.go:1712.73,1716.2 3 0
github.com/lgsvl/data-marketplace-chaincode/fakes/chaincode_stub.go:1718.134,1722.2 3 0
github.com/lgsvl/data-marketplace-chaincode/fakes/chaincode_stub.go:1724.95,1729.2 4 0
github.com/lgsvl/data-marketplace-chaincode/fakes/chaincode_stub.go:1731.122,1739.2 4 0
github.com/lgsvl/data-marketplace-chaincode/fakes/chaincode_stub.go:1741.135,1745.60 4 0
github.com/lgsvl/data-marketplace-chaincode/fakes/chaincode_stub.go:1751.2,1754.21 1 0
github.com/lgsvl/data-marketplace-chaincode/fakes/chaincode_stub.go:1745.60,1750.3 1 0
github.com/lgsvl/data-marketplace-chaincode/fakes/chaincode_stub.go:1757.196,1759.17 2 0
github.com/lgsvl/data-marketplace-chaincode/fakes/chaincode_stub.go:1763.2,1773.65 6 0
github.com/lgsvl/data-marketplace-chaincode/fakes/chaincode_stub.go:1776.2,1776.20 1 0
github.com/lgsvl/data-marketplace-chaincode/fakes/chaincode_stub.go:1779.2,1780.70 2 0
github.com/lgsvl/data-marketplace-chaincode/fakes/chaincode_stub.go:1759.17,1762.3 2 0
github.com/lgsvl/data-marketplace-chaincode/fakes/chaincode_stub.go:1773.65,1775.3 1 0
github.com/lgsvl/data-marketplace-chaincode/fakes/chaincode_stub.go:1776.20,1778.3 1 0
github.com/lgsvl/data-marketplace-chaincode/fakes/chaincode_stub.go:1783.87,1787.2 3 0
github.com/lgsvl/data-marketplace-chaincode/fakes/chaincode_stub.go:1789.192,1793.2 3 0
github.com/lgsvl/data-marketplace-chaincode/fakes/chaincode_stub.go:1795.124,1800.2 4 0
github.com/lgsvl/data-marketplace-chaincode/fakes/chaincode_stub.go:1802.173,1811.2 4 0
github.com/lgsvl/data-marketplace-chaincode/fakes/chaincode_stub.go:1813.186,1817.74 4 0
github.com/lgsvl/data-marketplace-chaincode/fakes/chaincode_stub.go:1824.2,1828.30 1 0
github.com/lgsvl/data-marketplace-chaincode/fakes/chaincode_stub.go:1817.74,1823.3 1 0
github.com/lgsvl/data-marketplace-chaincode/fakes/chaincode_stub.go:1831.112,1840.37 6 0
github.com/lgsvl/data-marketplace-chaincode/fakes/chaincode_stub.go:1843.2,1843.20 1 0
github.com/lgsvl/data-marketplace-chaincode/fakes/chaincode_stub.go:1846.2,1847.49 2 0
github.com/lgsvl/data-marketplace-chaincode/fakes/chaincode_stub.go:1840.37,1842.3 1 0
github.com/lgsvl/data-marketplace-chaincode/fakes/chaincode_stub.go:1843.20,1845.3 1 0
github.com/lgsvl/data-marketplace-chaincode/fakes/chaincode_stub.go:1850.59,1854.2 3 0
github.com/lgsvl/data-marketplace-chaincode/fakes/chaincode_stub.go:1856.118,1860.2 3 0
github.com/lgsvl/data-marketplace-chaincode/fakes/chaincode_stub.go:1862.79,1867.2 4 0
github.com/lgsvl/data-marketplace-chaincode/fakes/chaincode_stub.go:1869.108,1877.2 4 0
github.com/lgsvl/data-marketplace-chaincode/fakes/chaincode_stub.go:1879.121,1883.46 4 0
github.com/lgsvl/data-marketplace-chaincode/fakes/chaincode_stub.go:1889.2,1892.21 1 0
github.com/lgsvl/data-marketplace-chaincode/fakes/chaincode_stub.go:1883.46,1888.3 1 0
github.com/lgsvl/data-marketplace-chaincode/fakes/chaincode_stub.go:1895.180,1906.51 6 0
github.com/lgsvl/data-marketplace-chaincode/fakes/chaincode_stub.go:1909.2,1909.20 1 0
github.com/lgsvl/data-marketplace-chaincode/fakes/chaincode_stub.go:1912.2,1913.70 2 0
github.com/lgsvl/data-marketplace-chaincode/fakes/chaincode_stub.go:1906.51,1908.3 1 0
github.com/lgsvl/data-marketplace-chaincode/fakes/chaincode_stub.go:1909.20,1911.3 1 0
github.com/lgsvl/data-marketplace-chaincode/fakes/chaincode_stub.go:1916.73,1920.2 3 0
github.com/lgsvl/data-marketplace-chaincode/fakes/chaincode_stub.go:1922.176,1926.2 3 0
github.com/lgsvl/data-marketplace-chaincode/fakes/chaincode_stub.go:1928.108,1933.2 4 0
github.com/lgsvl/data-marketplace-chaincode/fakes/chaincode_stub.go:1935.159,1944.2 4 0
github.com/lgsvl/data-marketplace-chaincode/fakes/chaincode_stub.go:1946.172,1950.60 4 0
github.com/lgsvl/data-marketplace-chaincode/fakes/chaincode_stub.go:1957.2,1961.30 1 0
github.com/lgsvl/data-marketplace-chaincode/fakes/chaincode_stub.go:1950.60,1956.3 1 0
github.com/lgsvl/data-marketplace-chaincode/fakes/chaincode_stub.go:1964.85,1972.49 6 0
github.com/lgsvl/data-marketplace-chaincode/fakes/chaincode_stub.go:1975.2,1975.20 1 0
github.com/lgsvl/data-marketplace-chaincode/fakes/chaincode_stub.go:1978.2,1979.49 2 0
github.com/lgsvl/data-marketplace-chaincode/fakes/chaincode_stub.go:1972.49,1974.3 1 0
github.com/lgsvl/data-marketplace-chaincode/fakes/chaincode_stub.go:1975.20,1977.3 1 0
github.com/lgsvl/data-marketplace-chaincode/fakes/chaincode_stub.go:1982.71,1986.2 3 0
github.com/lgsvl/data-marketplace-chaincode/fakes/chaincode_stub.go:1988.96,1992.2 3 0
github.com/lgsvl/data-marketplace-chaincode/fakes/chaincode_stub.go:1994.81,1999.2 4 0
github.com/lgsvl/data-marketplace-chaincode/fakes/chaincode_stub.go:2001.94,2009.2 4 0
github.com/lgsvl/data-marketplace-chaincode/fakes/chaincode_stub.go:2011.107,2015.58 4 0
github.com/lgsvl/data-marketplace-chaincode/fakes/chaincode_stub.go:2021.2,2024.21 1 0
github.com/lgsvl/data-marketplace-chaincode/fakes/chaincode_stub.go:2015.58,2020.3 1 0
github.com/lgsvl/data-marketplace-chaincode/fakes/chaincode_stub.go:2027.53,2034.35 6 0
github.com/lgsvl/data-marketplace-chaincode/fakes/chaincode_stub.go:2037.2,2037.20 1 0
github.com/lgsvl/data-marketplace-chaincode/fakes/chaincode_stub.go:2040.2,2041.28 2 0
github.com/lgsvl/data-marketplace-chaincode/fakes/chaincode_stub.go:2034.35,2036.3 1 0
github.com/lgsvl/data-marketplace-chaincode/fakes/chaincode_stub.go:2037.20,2039.3 1 0
github.com/lgsvl/data-marketplace-chaincode/fakes/chaincode_stub.go:2044.57,2048.2 3 0
github.com/lgsvl/data-marketplace-chaincode/fakes/chaincode_stub.go:2050.69,2054.2 3 0
github.com/lgsvl/data-marketplace-chaincode/fakes/chaincode_stub.go:2056.67,2063.2 4 0
github.com/lgsvl/data-marketplace-chaincode/fakes/chaincode_stub.go:2065.80,2069.44 4 0
github.com/lgsvl/data-marketplace-chaincode/fakes/chaincode_stub.go:2074.2,2076.12 1 0
github.com/lgsvl/data-marketplace-chaincode/fakes/chaincode_stub.go:2069.44,2073.3 1 0
github.com/lgsvl/data-marketplace-chaincode/fakes/chaincode_stub.go:2079.70,2086.34 6 0
github.com/lgsvl/data-marketplace-chaincode/fakes/chaincode_stub.go:2089.2,2089.20 1 0
github.com/lgsvl/data-marketplace-chaincode/fakes/chaincode_stub.go:2092.2,2093.49 2 0
github.com/lgsvl/data-marketplace-chaincode/fakes/chaincode_stub.go:2086.34,2088.3 1 0
github.com/lgsvl/data-marketplace-chaincode/fakes/chaincode_stub.go:2089.20,2091.3 1 0
github.com/lgsvl/data-marketplace-chaincode/fakes/chaincode_stub.go:2096.56,2100.2 3 0
github.com/lgsvl/data-marketplace-chaincode/fakes/chaincode_stub.go:2102.86,2106.2 3 0
github.com/lgsvl/data-marketplace-chaincode/fakes/chaincode_stub.go:2108.90,2116.2 4 0
github.com/lgsvl/data-marketplace-chaincode/fakes/chaincode_stub.go:2118.103,2122.43 4 0
github.com/lgsvl/data-marketplace-chaincode/fakes/chaincode_stub.go:2128.2,2131.21 1 0
github.com/lgsvl/data-marketplace-chaincode/fakes/chaincode_stub.go:2122.43,2127.3 1 0
github.com/lgsvl/data-marketplace-chaincode/fakes/chaincode_stub.go:2134.45,2141.29 6 0
github.com/lgsvl/data-marketplace-chaincode/fakes/chaincode_stub.go:2144.2,2144.20 1 0
github.com/lgsvl/data-marketplace-chaincode/fakes/chaincode_stub.go:2147.2,2148.28 2 0
github.com/lgsvl/data-marketplace-chaincode/fakes/chaincode_stub.go:2141.29,2143.3 1 0
github.com/lgsvl/data-marketplace-chaincode/fakes/chaincode_stub.go:2144.20,2146.3 1 0
github.com/lgsvl/data-marketplace-chaincode/fakes/chaincode_stub.go:2151.51,2155.2 3 0
github.com/lgsvl/data-marketplace-chaincode/fakes/chaincode_stub.go:2157.61,2161.2 3 0
github.com/lgsvl/data-marketplace-chaincode/fakes/chaincode_stub.go:2163.59,2170.2 4 0
github.com/lgsvl/data-marketplace-chaincode/fakes/chaincode_stub.go:2172.72,2176.38 4 0
github.com/lgsvl/data-marketplace-chaincode/fakes/chaincode_stub.go:2181.2,2183.12 1 0
github.com/lgsvl/data-marketplace-chaincode/fakes/chaincode_stub.go:2176.38,2180.3 1 0
github.com/lgsvl/data-marketplace-chaincode/fakes/chaincode_stub.go:2186.75,2193.36 6 0
github.com/lgsvl/data-marketplace-chaincode/fakes/chaincode_stub.go:2196.2,2196.20 1 0
github.com/lgsvl/data-marketplace-chaincode/fakes/chaincode_stub.go:2199.2,2200.49 2 0
github.com/lgsvl/data-marketplace-chaincode/fakes/chaincode_stub.go:2193.36,2195.3 1 0
github.com/lgsvl/data-marketplace-chaincode/fakes/chaincode_stub.go:2196.20,2198.3 1 0
github.com/lgsvl/data-marketplace-chaincode/fakes/chaincode_stub.go:2203.58,2207.2 3 0
github.com/lgsvl/data-marketplace-chaincode/fakes/chaincode_stub.go:2209.91,2213.2 3 0
github.com/lgsvl/data-marketplace-chaincode/fakes/chaincode_stub.go:2215.95,2223.2 4 0
github.com/lgsvl/data-marketplace-chaincode/fakes/chaincode_stub.go:2225.108,2229.45 4 0
github.com/lgsvl/data-marketplace-chaincode/fakes/chaincode_stub.go:2235.2,2238.21 1 0
github.com/lgsvl/data-marketplace-chaincode/fakes/chaincode_stub.go:2229.45,2234.3 1 0
github.com/lgsvl/data-marketplace-chaincode/fakes/chaincode_stub.go:2241.99,2243.17 2 0
github.com/lgsvl/data-marketplace-chaincode/fakes/chaincode_stub.go:2247.2,2256.37 6 0
github.com/lgsvl/data-marketplace-chaincode/fakes/chaincode_stub.go:2259.2,2259.20 1 0
github.com/lgsvl/data-marketplace-chaincode/fakes/chaincode_stub.go:2262.2,2263.28 2 0
github.com/lgsvl/data-marketplace-chaincode/fakes/chaincode_stub.go:2243.17,2246.3 2 0
github.com/lgsvl/data-marketplace-chaincode/fakes/chaincode_stub.go:2256.37,2258.3 1 0
github.com/lgsvl/data-marketplace-chaincode/fakes/chaincode_stub.go:2259.20,2261.3 1 0
github.com/lgsvl/data-marketplace-chaincode/fakes/chaincode_stub.go:2266.59,2270.2 3 0
github.com/lgsvl/data-marketplace-chaincode/fakes/chaincode_stub.go:2272.100,2276.2 3 0
github.com/lgsvl/data-marketplace-chaincode/fakes/chaincode_stub.go:2278.89,2283.2 4 0
github.com/lgsvl/data-marketplace-chaincode/fakes/chaincode_stub.go:2285.74,2292.2 4 0
github.com/lgsvl/data-marketplace-chaincode/fakes/chaincode_stub.go:2294.87,2298.46 4 0
github.com/lgsvl/data-marketplace-chaincode/fakes/chaincode_stub.go:2303.2,2305.12 1 0
github.com/lgsvl/data-marketplace-chaincode/fakes/chaincode_stub.go:2298.46,2302.3 1 0
github.com/lgsvl/data-marketplace-chaincode/fakes/chaincode_stub.go:2308.88,2310.17 2 0
github.com/lgsvl/data-marketplace-chaincode/fakes/chaincode_stub.go:2314.2,2323.36 6 0
github.com/lgsvl/data-marketplace-chaincode/fakes/chaincode_stub.go:2326.2,2326.20 1 0
github.com/lgsvl/data-marketplace-chaincode/fakes/chaincode_stub.go:2329.2,2330.28 2 0
github.com/lgsvl/data-marketplace-chaincode/fakes/chaincode_stub.go:2310.17,2313.3 2 0
github.com/lgsvl/data-marketplace-chaincode/fakes/chaincode_stub.go:2323.36,2325.3 1 0
github.com/lgsvl/data-marketplace-chaincode/fakes/chaincode_stub.go:2326.20,2328.3 1 0
github.com/lgsvl/data-marketplace-chaincode/fakes/chaincode_stub.go:2333.58,2337.2 3 0
github.com/lgsvl/data-marketplace-chaincode/fakes/chaincode_stub.go:2339.89,2343.2 3 0
github.com/lgsvl/data-marketplace-chaincode/fakes/chaincode_stub.go:2345.86,2350.2 4 0
github.com/lgsvl/data-marketplace-chaincode/fakes/chaincode_stub.go:2352.65,2359.2 4 0
github.com/lgsvl/data-marketplace-chaincode/fakes/chaincode_stub.go:2361.78,2365.45 4 0
github.com/lgsvl/data-marketplace-chaincode/fakes/chaincode_stub.go:2370.2,2372.12 1 0
github.com/lgsvl/data-marketplace-chaincode/fakes/chaincode_stub.go:2365.45,2369.3 1 0
github.com/lgsvl/data-marketplace-chaincode/fakes/chaincode_stub.go:2375.69,2377.17 2 56
github.com/lgsvl/data-marketplace-chaincode/fakes/chaincode_stub.go:2381.2,2389.30 6 56
github.com/lgsvl/data-marketplace-chaincode/fakes/chaincode_stub.go:2392.2,2392.20 1 56
github.com/lgsvl/data-marketplace-chaincode/fakes/chaincode_stub.go:2395.2,2396.28 2 44
github.com/lgsvl/data-marketplace-chaincode/fakes/chaincode_stub.go:2377.17,2380.3 2 56
github.com/lgsvl/data-marketplace-chaincode/fakes/chaincode_stub.go:2389.30,2391.3 1 0
github.com/lgsvl/data-marketplace-chaincode/fakes/chaincode_stub.go:2392.20,2394.3 1 12
github.com/lgsvl/data-marketplace-chaincode/fakes/chaincode_stub.go:2399.52,2403.2 3 45
github.com/lgsvl/data-marketplace-chaincode/fakes/chaincode_stub.go:2405.75,2409.2 3 0
github.com/lgsvl/data-marketplace-chaincode/fakes/chaincode_stub.go:2411.72,2416.2 4 0
github.com/lgsvl/data-marketplace-chaincode/fakes/chaincode_stub.go:2418.59,2425.2 4 24
github.com/lgsvl/data-marketplace-chaincode/fakes/chaincode_stub.go:2427.72,2431.39 4 12
github.com/lgsvl/data-marketplace-chaincode/fakes/chaincode_stub.go:2436.2,2438.12 1 12
github.com/lgsvl/data-marketplace-chaincode/fakes/chaincode_stub.go:2431.39,2435.3 1 6
github.com/lgsvl/data-marketplace-chaincode/fakes/chaincode_stub.go:2441.69,2443.17 2 0
github.com/lgsvl/data-marketplace-chaincode/fakes/chaincode_stub.go:2447.2,2455.30 6 0
github.com/lgsvl/data-marketplace-chaincode/fakes/chaincode_stub.go:2458.2,2458.20 1 0
github.com/lgsvl/data-marketplace-chaincode/fakes/chaincode_stub.go:2461.2,2462.28 2 0
github.com/lgsvl/data-marketplace-chaincode/fakes/chaincode_stub.go:2443.17,2446.3 2 0
github.com/lgsvl/data-marketplace-chaincode/fakes/chaincode_stub.go:2455.30,2457.3 1 0
github.com/lgsvl/data-marketplace-chaincode/fakes/chaincode_stub.go:2458.20,2460.3 1 0
github.com/lgsvl/data-marketplace-chaincode/fakes/chaincode_stub.go:2465.52,2469.2 3 0
github.com/lgsvl/data-marketplace-chaincode/fakes/chaincode_stub.go:2471.75,2475.2 3 0
github.com/lgsvl/data-marketplace-chaincode/fakes/chaincode_stub.go:2477.72,2482.2 4 0
github.com/lgsvl/data-marketplace-chaincode/fakes/chaincode_stub.go:2484.59,2491.2 4 0
github.com/lgsvl/data-marketplace-chaincode/fakes/chaincode_stub.go:2493.72,2497.39 4 0
github.com/lgsvl/data-marketplace-chaincode/fakes/chaincode_stub.go:2502.2,2504.12 1 0
github.com/lgsvl/data-marketplace-chaincode/fakes/chaincode_stub.go:2497.39,2501.3 1 0
github.com/lgsvl/data-marketplace-chaincode/fakes/chaincode_stub.go:2507.107,2509.17 2 0
github.com/lgsvl/data-marketplace-chaincode/fakes/chaincode_stub.go:2513.2,2522.55 6 0
github.com/lgsvl/data-marketplace-chaincode/fakes/chaincode_stub.go:2525.2,2525.20 1 0
github.com/lgsvl/data-marketplace-chaincode/fakes/chaincode_stub.go:2528.2,2529.28 2 0
github.com/lgsvl/data-marketplace-chaincode/fakes/chaincode_stub.go:2509.17,2512.3 2 0
github.com/lgsvl/data-marketplace-chaincode/fakes/chaincode_stub.go:2522.55,2524.3 1 0
github.com/lgsvl/data-marketplace-chaincode/fakes/chaincode_stub.go:2525.20,2527.3 1 0
github.com/lgsvl/data-marketplace-chaincode/fakes/chaincode_stub.go:2532.77,2536.2 3 0
github.com/lgsvl/data-marketplace-chaincode/fakes/chaincode_stub.go:2538.108,2542.2 3 0
github.com/lgsvl/data-marketplace-chaincode/fakes/chaincode_stub.go:2544.105,2549.2 4 0
github.com/lgsvl/data-marketplace-chaincode/fakes/chaincode_stub.go:2551.84,2558.2 4 0
github.com/lgsvl/data-marketplace-chaincode/fakes/chaincode_stub.go:2560.97,2564.64 4 0
github.com/lgsvl/data-marketplace-chaincode/fakes/chaincode_stub.go:2569.2,2571.12 1 0
github.com/lgsvl/data-marketplace-chaincode/fakes/chaincode_stub.go:2564.64,2568.3 1 0
github.com/lgsvl/data-marketplace-chaincode/fakes/chaincode_stub.go:2574.88,2576.17 2 0
github.com/lgsvl/data-marketplace-chaincode/fakes/chaincode_stub.go:2580.2,2588.49 6 0
github.com/lgsvl/data-marketplace-chaincode/fakes/chaincode_stub.go:2591.2,2591.20 1 0
github.com/lgsvl/data-marketplace-chaincode/fakes/chaincode_stub.go:2594.2,2595.28 2 0
github.com/lgsvl/data-marketplace-chaincode/fakes/chaincode_stub.go:2576.17,2579.3 2 0
github.com/lgsvl/data-marketplace-chaincode/fakes/chaincode_stub.go:2588.49,2590.3 1 0
github.com/lgsvl/data-marketplace-chaincode/fakes/chaincode_stub.go:2591.20,2593.3 1 0
github.com/lgsvl/data-marketplace-chaincode/fakes/chaincode_stub.go:2598.71,2602.2 3 0
github.com/lgsvl/data-marketplace-chaincode/fakes/chaincode_stub.go:2604.94,2608.2 3 0
github.com/lgsvl/data-marketplace-chaincode/fakes/chaincode_stub.go:2610.91,2615.2 4 0
github.com/lgsvl/data-marketplace-chaincode/fakes/chaincode_stub.go:2617.78,2624.2 4 0
github.com/lgsvl/data-marketplace-chaincode/fakes/chaincode_stub.go:2626.91,2630.58 4 0
github.com/lgsvl/data-marketplace-chaincode/fakes/chaincode_stub.go:2635.2,2637.12 1 0
github.com/lgsvl/data-marketplace-chaincode/fakes/chaincode_stub.go:2630.58,2634.3 1 0
github.com/lgsvl/data-marketplace-chaincode/fakes/chaincode_stub.go:2640.85,2648.39 6 0
github.com/lgsvl/data-marketplace-chaincode/fakes/chaincode_stub.go:2651.2,2651.20 1 0
github.com/lgsvl/data-marketplace-chaincode/fakes/chaincode_stub.go:2654.2,2655.70 2 0
github.com/lgsvl/data-marketplace-chaincode/fakes/chaincode_stub.go:2648.39,2650.3 1 0
github.com/lgsvl/data-marketplace-chaincode/fakes/chaincode_stub.go:2651.20,2653.3 1 0
github.com/lgsvl/data-marketplace-chaincode/fakes/chaincode_stub.go:2658.61,2662.2 3 0
github.com/lgsvl/data-marketplace-chaincode/fakes/chaincode_stub.go:2664.96,2668.2 3 0
github.com/lgsvl/data-marketplace-chaincode/fakes/chaincode_stub.go:2670.71,2675.2 4 0
github.com/lgsvl/data-marketplace-chaincode/fakes/chaincode_stub.go:2677.102,2686.2 4 0
github.com/lgsvl/data-marketplace-chaincode/fakes/chaincode_stub.go:2688.115,2692.48 4 0
github.com/lgsvl/data-marketplace-chaincode/fakes/chaincode_stub.go:2699.2,2703.30 1 0
github.com/lgsvl/data-marketplace-chaincode/fakes/chaincode_stub.go:2692.48,2698.3 1 0
github.com/lgsvl/data-marketplace-chaincode/fakes/chaincode_stub.go:2706.69,2782.43 76 0
github.com/lgsvl/data-marketplace-chaincode/fakes/chaincode_stub.go:2785.2,2785.26 1 0
github.com/lgsvl/data-marketplace-chaincode/fakes/chaincode_stub.go:2782.43,2784.3 1 0
github.com/lgsvl/data-marketplace-chaincode/fakes/chaincode_stub.go:2788.77,2791.29 3 207
github.com/lgsvl/data-marketplace-chaincode/fakes/chaincode_stub.go:2794.2,2794.34 1 207
github.com/lgsvl/data-marketplace-chaincode/fakes/chaincode_stub.go:2797.2,2797.61 1 207
github.com/lgsvl/data-marketplace-chaincode/fakes/chaincode_stub.go:2791.29,2793.3 1 118
github.com/lgsvl/data-marketplace-chaincode/fakes/chaincode_stub.go:2794.34,2796.3 1 143
github.com/lgsvl/data-marketplace-chaincode/resources/clean_up.go:11.90,15.35 2 0
github.com/lgsvl/data-marketplace-chaincode/resources/clean_up.go:22.2,22.33 1 0
github.com/lgsvl/data-marketplace-chaincode/resources/clean_up.go:15.35,17.17 2 0
github.com/lgsvl/data-marketplace-chaincode/resources/clean_up.go:17.17,20.4 2 0
github.com/lgsvl/data-marketplace-chaincode/resources/clean_up.go:25.104,29.15 3 0
github.com/lgsvl/data-marketplace-chaincode/resources/clean_up.go:34.2,35.16 2 0
github.com/lgsvl/data-marketplace-chaincode/resources/clean_up.go:39.2,39.26 1 0
github.com/lgsvl/data-marketplace-chaincode/resources/clean_up.go:29.15,32.3 2 0
github.com/lgsvl/data-marketplace-chaincode/resources/clean_up.go:35.16,38.3 2 0
github.com/lgsvl/data-marketplace-chaincode/resources/clean_up.go:42.104,44.16 2 0
github.com/lgsvl/data-marketplace-chaincode/resources/clean_up.go:47.2,49.16 3 0
github.com/lgsvl/data-marketplace-chaincode/resources/clean_up.go:52.2,52.37 1 0
github.com/lgsvl/data-marketplace-chaincode/resources/clean_up.go:62.2,62.12 1 0
github.com/lgsvl/data-marketplace-chaincode/resources/clean_up.go:44.16,46.3 1 0
github.com/lgsvl/data-marketplace-chaincode/resources/clean_up.go:49.16,51.3 1 0
github.com/lgsvl/data-marketplace-chaincode/resources/clean_up.go:52.37,55.9 3 0
github.com/lgsvl/data-marketplace-chaincode/resources/clean_up.go:55.9,57.18 2 0
github.com/lgsvl/data-marketplace-chaincode/resources/clean_up.go:57.18,59.5 1 0
github.com/lgsvl/data-marketplace-chaincode/resources/person.go:18.107,24.16 4 0
github.com/lgsvl/data-marketplace-chaincode/resources/person.go:29.2,30.16 2 0
github.com/lgsvl/data-marketplace-chaincode/resources/person.go:40.2,41.16 2 0
github.com/lgsvl/data-marketplace-chaincode/resources/person.go:46.2,47.16 2 0
github.com/lgsvl/data-marketplace-chaincode/resources/person.go:52.2,53.16 2 0
github.com/lgsvl/data-marketplace-chaincode/resources/person.go:59.2,59.26 1 0
github.com/lgsvl/data-marketplace-chaincode/resources/person.go:24.16,27.3 2 0
github.com/lgsvl/data-marketplace-chaincode/resources/person.go:30.16,34.3 3 0
github.com/lgsvl/data-marketplace-chaincode/resources/person.go:34.8,34.31 1 0
github.com/lgsvl/data-marketplace-chaincode/resources/person.go:34.31,38.3 3 0
github.com/lgsvl/data-marketplace-chaincode/resources/person.go:41.16,44.3 2 0
github.com/lgsvl/data-marketplace-chaincode/resources/person.go:47.16,50.3 2 0
github.com/lgsvl/data-marketplace-chaincode/resources/person.go:53.16,57.3 3 0
github.com/lgsvl/data-marketplace-chaincode/resources/person.go:62.103,66.16 4 0
github.com/lgsvl/data-marketplace-chaincode/resources/person.go:70.2,70.29 1 0
github.com/lgsvl/data-marketplace-chaincode/resources/person.go:66.16,69.3 2 0
github.com/lgsvl/data-marketplace-chaincode/resources/person.go:73.112,78.16 4 0
github.com/lgsvl/data-marketplace-chaincode/resources/person.go:87.2,89.16 3 0
github.com/lgsvl/data-marketplace-chaincode/resources/person.go:95.2,96.16 2 0
github.com/lgsvl/data-marketplace-chaincode/resources/person.go:101.2,102.16 2 0
github.com/lgsvl/data-marketplace-chaincode/resources/person.go:107.2,107.27 1 0
github.com/lgsvl/data-marketplace-chaincode/resources/person.go:78.16,82.3 3 0
github.com/lgsvl/data-marketplace-chaincode/resources/person.go:82.8,82.33 1 0
github.com/lgsvl/data-marketplace-chaincode/resources/person.go:82.33,86.3 3 0
github.com/lgsvl/data-marketplace-chaincode/resources/person.go:89.16,93.3 3 0
github.com/lgsvl/data-marketplace-chaincode/resources/person.go:96.16,99.3 2 0
github.com/lgsvl/data-marketplace-chaincode/resources/person.go:102.16,105.3 2 0
github.com/lgsvl/data-marketplace-chaincode/resources/person.go:110.122,114.33 3 0
github.com/lgsvl/data-marketplace-chaincode/resources/person.go:120.2,121.16 2 0
github.com/lgsvl/data-marketplace-chaincode/resources/person.go:126.2,128.16 3 0
github.com/lgsvl/data-marketplace-chaincode/resources/person.go:132.2,132.22 1 0
github.com/lgsvl/data-marketplace-chaincode/resources/person.go:114.33,118.3 3 0
github.com/lgsvl/data-marketplace-chaincode/resources/person.go:121.16,124.3 2 0
github.com/lgsvl/data-marketplace-chaincode/resources/person.go:128.16,131.3 2 0
github.com/lgsvl/data-marketplace-chaincode/resources/data_category.go:19.124,24.16 4 5
github.com/lgsvl/data-marketplace-chaincode/resources/data_category.go:30.2,31.16 2 4
github.com/lgsvl/data-marketplace-chaincode/resources/data_category.go:40.2,41.16 2 2
github.com/lgsvl/data-marketplace-chaincode/resources/data_category.go:46.2,47.16 2 2
github.com/lgsvl/data-marketplace-chaincode/resources/data_category.go:52.2,52.26 1 1
github.com/lgsvl/data-marketplace-chaincode/resources/data_category.go:24.16,27.3 2 1
github.com/lgsvl/data-marketplace-chaincode/resources/data_category.go:31.16,34.3 2 1
github.com/lgsvl/data-marketplace-chaincode/resources/data_category.go:34.8,34.33 1 3
github.com/lgsvl/data-marketplace-chaincode/resources/data_category.go:34.33,38.3 3 1
github.com/lgsvl/data-marketplace-chaincode/resources/data_category.go:41.16,44.3 2 0
github.com/lgsvl/data-marketplace-chaincode/resources/data_category.go:47.16,50.3 2 1
github.com/lgsvl/data-marketplace-chaincode/resources/data_category.go:55.109,59.16 4 2
github.com/lgsvl/data-marketplace-chaincode/resources/data_category.go:63.2,63.38 1 1
github.com/lgsvl/data-marketplace-chaincode/resources/data_category.go:59.16,62.3 2 1
github.com/lgsvl/data-marketplace-chaincode/resources/data_category.go:66.118,70.16 4 14
github.com/lgsvl/data-marketplace-chaincode/resources/data_category.go:80.2,82.16 3 11
github.com/lgsvl/data-marketplace-chaincode/resources/data_category.go:88.2,89.16 2 10
github.com/lgsvl/data-marketplace-chaincode/resources/data_category.go:94.2,95.16 2 8
github.com/lgsvl/data-marketplace-chaincode/resources/data_category.go:100.2,100.29 1 8
github.com/lgsvl/data-marketplace-chaincode/resources/data_category.go:70.16,74.3 3 2
github.com/lgsvl/data-marketplace-chaincode/resources/data_category.go:74.8,74.35 1 12
github.com/lgsvl/data-marketplace-chaincode/resources/data_category.go:74.35,78.3 3 1
github.com/lgsvl/data-marketplace-chaincode/resources/data_category.go:82.16,86.3 3 1
github.com/lgsvl/data-marketplace-chaincode/resources/data_category.go:89.16,92.3 2 2
github.com/lgsvl/data-marketplace-chaincode/resources/data_category.go:95.16,98.3 2 0
github.com/lgsvl/data-marketplace-chaincode/resources/data_category.go:103.76,107.40 3 15
github.com/lgsvl/data-marketplace-chaincode/resources/data_category.go:113.2,113.12 1 12
github.com/lgsvl/data-marketplace-chaincode/resources/data_category.go:107.40,111.3 3 3
github.com/lgsvl/data-marketplace-chaincode/resources/data_info.go:21.141,27.16 4 0
github.com/lgsvl/data-marketplace-chaincode/resources/data_info.go:33.2,33.48 1 0
github.com/lgsvl/data-marketplace-chaincode/resources/data_info.go:39.2,40.16 2 0
github.com/lgsvl/data-marketplace-chaincode/resources/data_info.go:45.2,46.16 2 0
github.com/lgsvl/data-marketplace-chaincode/resources/data_info.go:50.2,51.16 2 0
github.com/lgsvl/data-marketplace-chaincode/resources/data_info.go:56.2,59.16 3 0
github.com/lgsvl/data-marketplace-chaincode/resources/data_info.go:63.2,63.26 1 0
github.com/lgsvl/data-marketplace-chaincode/resources/data_info.go:27.16,30.3 2 0
github.com/lgsvl/data-marketplace-chaincode/resources/data_info.go:33.48,37.3 3 0
github.com/lgsvl/data-marketplace-chaincode/resources/data_info.go:40.16,43.3 2 0
github.com/lgsvl/data-marketplace-chaincode/resources/data_info.go:46.16,49.3 2 0
github.com/lgsvl/data-marketplace-chaincode/resources/data_info.go:51.16,54.3 2 0
github.com/lgsvl/data-marketplace-chaincode/resources/data_info.go:59.16,62.3 2 0
github.com/lgsvl/data-marketplace-chaincode/resources/data_info.go:66.145,72.16 4 0
github.com/lgsvl/data-marketplace-chaincode/resources/data_info.go:77.2,77.51 1 0
github.com/lgsvl/data-marketplace-chaincode/resources/data_info.go:83.2,84.16 2 0
github.com/lgsvl/data-marketplace-chaincode/resources/data_info.go:89.2,89.26 1 0
github.com/lgsvl/data-marketplace-chaincode/resources/data_info.go:72.16,75.3 2 0
github.com/lgsvl/data-marketplace-chaincode/resources/data_info.go:77.51,81.3 3 0
github.com/lgsvl/data-marketplace-chaincode/resources/data_info.go:84.16,87.3 2 0
github.com/lgsvl/data-marketplace-chaincode/resources/data_info.go:92.137,97.16 4 0
github.com/lgsvl/data-marketplace-chaincode/resources/data_info.go:101.2,103.16 3 0
github.com/lgsvl/data-marketplace-chaincode/resources/data_info.go:108.2,108.26 1 0
github.com/lgsvl/data-marketplace-chaincode/resources/data_info.go:97.16,100.3 2 0
github.com/lgsvl/data-marketplace-chaincode/resources/data_info.go:103.16,106.3 2 0
github.com/lgsvl/data-marketplace-chaincode/resources/queries.go:19.96,21.16 2 0
github.com/lgsvl/data-marketplace-chaincode/resources/queries.go:25.2,25.35 1 0
github.com/lgsvl/data-marketplace-chaincode/resources/queries.go:21.16,24.3 2 0
github.com/lgsvl/data-marketplace-chaincode/resources/queries.go:28.143,30.16 2 0
github.com/lgsvl/data-marketplace-chaincode/resources/queries.go:34.2,34.35 1 0
github.com/lgsvl/data-marketplace-chaincode/resources/queries.go:30.16,33.3 2 0
github.com/lgsvl/data-marketplace-chaincode/resources/queries.go:41.100,43.16 2 0
github.com/lgsvl/data-marketplace-chaincode/resources/queries.go:47.2,47.35 1 0
github.com/lgsvl/data-marketplace-chaincode/resources/queries.go:43.16,46.3 2 0
github.com/lgsvl/data-marketplace-chaincode/resources/queries.go:50.147,52.16 2 0
github.com/lgsvl/data-marketplace-chaincode/resources/queries.go:56.2,56.35 1 0
github.com/lgsvl/data-marketplace-chaincode/resources/queries.go:52.16,55.3 2 0
github.com/lgsvl/data-marketplace-chaincode/resources/queries.go:64.119,66.16 2 0
github.com/lgsvl/data-marketplace-chaincode/resources/queries.go:70.2,72.16 3 0
github.com/lgsvl/data-marketplace-chaincode/resources/queries.go:77.2,77.37 1 0
github.com/lgsvl/data-marketplace-chaincode/resources/queries.go:80.2,81.50 2 0
github.com/lgsvl/data-marketplace-chaincode/resources/queries.go:90.2,91.32 2 0
github.com/lgsvl/data-marketplace-chaincode/resources/queries.go:95.2,95.56 1 0
github.com/lgsvl/data-marketplace-chaincode/resources/queries.go:99.2,100.67 2 0
[...]
github.com/lgsvl/data-marketplace-chaincode/resources/queries.go:110.42,112.3 1 0
github.com/lgsvl/data-marketplace-chaincode/resources/queries.go:121.113,123.16 2 0
github.com/lgsvl/data-marketplace-chaincode/resources/queries.go:126.2,128.16 3 0
github.com/lgsvl/data-marketplace-chaincode/resources/queries.go:132.2,136.16 4 0
github.com/lgsvl/data-marketplace-chaincode/resources/queries.go:140.2,140.46 1 0
github.com/lgsvl/data-marketplace-chaincode/resources/queries.go:123.16,125.3 1 0
github.com/lgsvl/data-marketplace-chaincode/resources/queries.go:128.16,131.3 2 0
github.com/lgsvl/data-marketplace-chaincode/resources/queries.go:136.16,139.3 2 0
github.com/lgsvl/data-marketplace-chaincode/resources/queries.go:143.135,145.16 2 0
github.com/lgsvl/data-marketplace-chaincode/resources/queries.go:149.2,150.16 2 0
github.com/lgsvl/data-marketplace-chaincode/resources/queries.go:153.2,155.16 3 0
github.com/lgsvl/data-marketplace-chaincode/resources/queries.go:158.2,159.45 2 0
github.com/lgsvl/data-marketplace-chaincode/resources/queries.go:164.2,165.16 2 0
github.com/lgsvl/data-marketplace-chaincode/resources/queries.go:168.2,168.30 1 0
github.com/lgsvl/data-marketplace-chaincode/resources/queries.go:145.16,147.3 1 0
github.com/lgsvl/data-marketplace-chaincode/resources/queries.go:150.16,152.3 1 0
github.com/lgsvl/data-marketplace-chaincode/resources/queries.go:155.16,157.3 1 0
github.com/lgsvl/data-marketplace-chaincode/resources/queries.go:159.45,160.53 1 0
github.com/lgsvl/data-marketplace-chaincode/resources/queries.go:160.53,162.4 1 0
github.com/lgsvl/data-marketplace-chaincode/resources/queries.go:165.16,167.3 1 0
github.com/lgsvl/data-marketplace-chaincode/resources/queries.go:171.103,173.16 2 0
github.com/lgsvl/data-marketplace-chaincode/resources/queries.go:176.2,176.35 1 0
github.com/lgsvl/data-marketplace-chaincode/resources/queries.go:173.16,175.3 1 0
github.com/lgsvl/data-marketplace-chaincode/resources/queries.go:179.150,181.16 2 0
github.com/lgsvl/data-marketplace-chaincode/resources/queries.go:185.2,185.35 1 0
github.com/lgsvl/data-marketplace-chaincode/resources/queries.go:181.16,184.3 2 0
github.com/lgsvl/data-marketplace-chaincode/resources/queries.go:188.132,190.16 2 0
github.com/lgsvl/data-marketplace-chaincode/resources/queries.go:194.2,194.35 1 0
github.com/lgsvl/data-marketplace-chaincode/resources/queries.go:190.16,193.3 2 0
github.com/lgsvl/data-marketplace-chaincode/resources/queries.go:197.179,199.16 2 0
github.com/lgsvl/data-marketplace-chaincode/resources/queries.go:203.2,203.35 1 0
github.com/lgsvl/data-marketplace-chaincode/resources/queries.go:199.16,202.3 2 0
github.com/lgsvl/data-marketplace-chaincode/resources/queries.go:206.154,209.2 2 0
github.com/lgsvl/data-marketplace-chaincode/resources/queries.go:210.201,213.2 2 0
github.com/lgsvl/data-marketplace-chaincode/resources/queries.go:215.132,217.16 2 0
github.com/lgsvl/data-marketplace-chaincode/resources/queries.go:221.2,221.35 1 0
github.com/lgsvl/data-marketplace-chaincode/resources/queries.go:217.16,220.3 2 0
github.com/lgsvl/data-marketplace-chaincode/resources/queries.go:224.179,226.16 2 0
github.com/lgsvl/data-marketplace-chaincode/resources/queries.go:230.2,230.35 1 0
github.com/lgsvl/data-marketplace-chaincode/resources/queries.go:226.16,229.3 2 0
github.com/lgsvl/data-marketplace-chaincode/resources/queries.go:238.122,240.16 2 0
github.com/lgsvl/data-marketplace-chaincode/resources/queries.go:244.2,246.16 3 0
github.com/lgsvl/data-marketplace-chaincode/resources/queries.go:251.2,251.33 1 0
github.com/lgsvl/data-marketplace-chaincode/resources/queries.go:254.2,255.46 2 0
github.com/lgsvl/data-marketplace-chaincode/resources/queries.go:273.2,274.32 2 0
github.com/lgsvl/data-marketplace-chaincode/resources/queries.go:278.2,278.59 1 0
github.com/lgsvl/data-marketplace-chaincode/resources/queries.go:282.2,283.70 2 0
github.com/lgsvl/data-marketplace-chaincode/resources/queries.go:287.2,288.16 2 0
github.com/lgsvl/data-marketplace-chaincode/resources/queries.go:293.2,293.45 1 0
github.com/lgsvl/data-marketplace-chaincode/resources/queries.go:297.2,297.62 1 0
github.com/lgsvl/data-marketplace-chaincode/resources/queries.go:240.16,243.3 2 0
github.com/lgsvl/data-marketplace-chaincode/resources/queries.go:246.16,249.3 2 0
github.com/lgsvl/data-marketplace-chaincode/resources/queries.go:251.33,253.3 1 0
github.com/lgsvl/data-marketplace-chaincode/resources/queries.go:255.46,257.9 2 0
github.com/lgsvl/data-marketplace-chaincode/resources/queries.go:257.9,261.4 3 0
github.com/lgsvl/data-marketplace-chaincode/resources/queries.go:261.9,263.18 2 0
github.com/lgsvl/data-marketplace-chaincode/resources/queries.go:263.18,269.5 2 0
github.com/lgsvl/data-marketplace-chaincode/resources/queries.go:274.32,276.3 1 0
github.com/lgsvl/data-marketplace-chaincode/resources/queries.go:278.59,280.3 1 0
github.com/lgsvl/data-marketplace-chaincode/resources/queries.go:283.70,285.3 1 0
github.com/lgsvl/data-marketplace-chaincode/resources/queries.go:288.16,291.3 2 0
github.com/lgsvl/data-marketplace-chaincode/resources/queries.go:293.45,295.3 1 0
github.com/lgsvl/data-marketplace-chaincode/resources/queries.go:304.99,306.16 2 0
github.com/lgsvl/data-marketplace-chaincode/resources/queries.go:310.2,310.35 1 0
github.com/lgsvl/data-marketplace-chaincode/resources/queries.go:306.16,309.3 2 0
github.com/lgsvl/data-marketplace-chaincode/resources/queries.go:313.146,315.16 2 0
github.com/lgsvl/data-marketplace-chaincode/resources/queries.go:319.2,319.35 1 0
github.com/lgsvl/data-marketplace-chaincode/resources/queries.go:315.16,318.3 2 0
github.com/lgsvl/data-marketplace-chaincode/resources/queries.go:322.128,324.16 2 0
github.com/lgsvl/data-marketplace-chaincode/resources/queries.go:328.2,328.35 1 0
github.com/lgsvl/data-marketplace-chaincode/resources/queries.go:324.16,327.3 2 0
github.com/lgsvl/data-marketplace-chaincode/resources/queries.go:331.175,333.16 2 0
github.com/lgsvl/data-marketplace-chaincode/resources/queries.go:337.2,337.35 1 0
github.com/lgsvl/data-marketplace-chaincode/resources/queries.go:333.16,336.3 2 0
github.com/lgsvl/data-marketplace-chaincode/resources/queries.go:340.128,342.16 2 0
github.com/lgsvl/data-marketplace-chaincode/resources/queries.go:346.2,346.35 1 0
github.com/lgsvl/data-marketplace-chaincode/resources/queries.go:342.16,345.3 2 0
github.com/lgsvl/data-marketplace-chaincode/resources/queries.go:349.175,351.16 2 0
github.com/lgsvl/data-marketplace-chaincode/resources/queries.go:355.2,355.35 1 0
github.com/lgsvl/data-marketplace-chaincode/resources/queries.go:351.16,354.3 2 0
github.com/lgsvl/data-marketplace-chaincode/resources/queries.go:358.140,360.16 2 0
github.com/lgsvl/data-marketplace-chaincode/resources/queries.go:364.2,364.35 1 0
github.com/lgsvl/data-marketplace-chaincode/resources/queries.go:360.16,363.3 2 0
github.com/lgsvl/data-marketplace-chaincode/resources/queries.go:367.187,369.16 2 0
github.com/lgsvl/data-marketplace-chaincode/resources/queries.go:373.2,373.35 1 0
github.com/lgsvl/data-marketplace-chaincode/resources/queries.go:369.16,372.3 2 0
github.com/lgsvl/data-marketplace-chaincode/resources/queries.go:376.130,378.16 2 0
github.com/lgsvl/data-marketplace-chaincode/resources/queries.go:382.2,382.35 1 0
github.com/lgsvl/data-marketplace-chaincode/resources/queries.go:378.16,381.3 2 0
github.com/lgsvl/data-marketplace-chaincode/resources/queries.go:385.177,387.16 2 0
github.com/lgsvl/data-marketplace-chaincode/resources/queries.go:391.2,391.35 1 0
github.com/lgsvl/data-marketplace-chaincode/resources/queries.go:387.16,390.3 2 0
github.com/lgsvl/data-marketplace-chaincode/resources/queries.go:394.147,396.16 2 0
github.com/lgsvl/data-marketplace-chaincode/resources/queries.go:400.2,400.35 1 0
github.com/lgsvl/data-marketplace-chaincode/resources/queries.go:396.16,399.3 2 0
github.com/lgsvl/data-marketplace-chaincode/resources/queries.go:403.194,405.16 2 0
github.com/lgsvl/data-marketplace-chaincode/resources/queries.go:409.2,409.35 1 0
github.com/lgsvl/data-marketplace-chaincode/resources/queries.go:405.16,408.3 2 0
github.com/lgsvl/data-marketplace-chaincode/resources/queries.go:412.154,414.16 2 0
github.com/lgsvl/data-marketplace-chaincode/resources/queries.go:418.2,420.16 3 0
github.com/lgsvl/data-marketplace-chaincode/resources/queries.go:424.2,424.35 1 0
github.com/lgsvl/data-marketplace-chaincode/resources/queries.go:414.16,417.3 2 0
github.com/lgsvl/data-marketplace-chaincode/resources/queries.go:420.16,423.3 2 0
github.com/lgsvl/data-marketplace-chaincode/resources/queries.go:427.201,429.16 2 0
github.com/lgsvl/data-marketplace-chaincode/resources/queries.go:433.2,435.16 3 0
github.com/lgsvl/data-marketplace-chaincode/resources/queries.go:439.2,439.35 1 0
github.com/lgsvl/data-marketplace-chaincode/resources/queries.go:429.16,432.3 2 0
github.com/lgsvl/data-marketplace-chaincode/resources/queries.go:435.16,438.3 2 0
github.com/lgsvl/data-marketplace-chaincode/resources/queries.go:442.138,444.16 2 0
github.com/lgsvl/data-marketplace-chaincode/resources/queries.go:448.2,450.16 3 0
github.com/lgsvl/data-marketplace-chaincode/resources/queries.go:454.2,455.46 2 0
github.com/lgsvl/data-marketplace-chaincode/resources/queries.go:463.2,464.16 2 0
github.com/lgsvl/data-marketplace-chaincode/resources/queries.go:468.2,468.41 1 0
github.com/lgsvl/data-marketplace-chaincode/resources/queries.go:444.16,447.3 2 0
github.com/lgsvl/data-marketplace-chaincode/resources/queries.go:450.16,453.3 2 0
github.com/lgsvl/data-marketplace-chaincode/resources/queries.go:455.46,457.14 2 0
github.com/lgsvl/data-marketplace-chaincode/resources/queries.go:457.14,459.4 1 0
github.com/lgsvl/data-marketplace-chaincode/resources/queries.go:459.9,461.4 1 0
github.com/lgsvl/data-marketplace-chaincode/resources/queries.go:464.16,467.3 2 0
github.com/lgsvl/data-marketplace-chaincode/resources/queries.go:471.162,474.16 3 0
github.com/lgsvl/data-marketplace-chaincode/resources/queries.go:478.2,478.35 1 0
github.com/lgsvl/data-marketplace-chaincode/resources/queries.go:474.16,477.3 2 0
github.com/lgsvl/data-marketplace-chaincode/resources/queries.go:481.209,484.16 3 0
github.com/lgsvl/data-marketplace-chaincode/resources/queries.go:488.2,488.35 1 0
github.com/lgsvl/data-marketplace-chaincode/resources/queries.go:484.16,487.3 2 0
github.com/lgsvl/data-marketplace-chaincode/resources/queries.go:491.155,495.16 3 0
github.com/lgsvl/data-marketplace-chaincode/resources/queries.go:499.2,499.35 1 0
github.com/lgsvl/data-marketplace-chaincode/resources/queries.go:495.16,498.3 2 0
github.com/lgsvl/data-marketplace-chaincode/resources/queries.go:502.202,506.16 3 0
github.com/lgsvl/data-marketplace-chaincode/resources/queries.go:510.2,510.35 1 0
github.com/lgsvl/data-marketplace-chaincode/resources/queries.go:506.16,509.3 2 0
github.com/lgsvl/data-marketplace-chaincode/resources/queries.go:512.142,514.16 2 0
github.com/lgsvl/data-marketplace-chaincode/resources/queries.go:518.2,518.35 1 0
github.com/lgsvl/data-marketplace-chaincode/resources/queries.go:514.16,517.3 2 0
github.com/lgsvl/data-marketplace-chaincode/resources/queries.go:521.189,523.16 2 0
github.com/lgsvl/data-marketplace-chaincode/resources/queries.go:527.2,527.35 1 0
github.com/lgsvl/data-marketplace-chaincode/resources/queries.go:523.16,526.3 2 0
github.com/lgsvl/data-marketplace-chaincode/resources/queries.go:530.168,534.16 3 0
github.com/lgsvl/data-marketplace-chaincode/resources/queries.go:538.2,538.35 1 0
github.com/lgsvl/data-marketplace-chaincode/resources/queries.go:534.16,537.3 2 0
github.com/lgsvl/data-marketplace-chaincode/resources/queries.go:541.215,545.16 3 0
github.com/lgsvl/data-marketplace-chaincode/resources/queries.go:549.2,549.35 1 0
github.com/lgsvl/data-marketplace-chaincode/resources/queries.go:545.16,548.3 2 0
github.com/lgsvl/data-marketplace-chaincode/resources/queries.go:552.157,556.16 3 0
github.com/lgsvl/data-marketplace-chaincode/resources/queries.go:560.2,560.35 1 0
github.com/lgsvl/data-marketplace-chaincode/resources/queries.go:556.16,559.3 2 0
github.com/lgsvl/data-marketplace-chaincode/resources/queries.go:563.204,567.16 3 0
github.com/lgsvl/data-marketplace-chaincode/resources/queries.go:571.2,571.35 1 0
github.com/lgsvl/data-marketplace-chaincode/resources/queries.go:567.16,570.3 2 0
github.com/lgsvl/data-marketplace-chaincode/resources/queries.go:574.154,577.2 2 0
github.com/lgsvl/data-marketplace-chaincode/resources/queries.go:579.201,582.2 2 0
github.com/lgsvl/data-marketplace-chaincode/resources/queries.go:584.154,587.2 2 0
github.com/lgsvl/data-marketplace-chaincode/resources/queries.go:589.201,592.2 2 0
github.com/lgsvl/data-marketplace-chaincode/resources/queries.go:594.198,597.2 2 0
github.com/lgsvl/data-marketplace-chaincode/resources/queries.go:599.247,602.2 2 0
github.com/lgsvl/data-marketplace-chaincode/resources/queries.go:604.186,607.2 2 0
github.com/lgsvl/data-marketplace-chaincode/resources/queries.go:609.233,612.2 2 0
github.com/lgsvl/data-marketplace-chaincode/resources/queries.go:614.164,617.2 2 0
github.com/lgsvl/data-marketplace-chaincode/resources/queries.go:619.211,622.2 2 0
github.com/lgsvl/data-marketplace-chaincode/resources/queries.go:624.226,627.2 2 0
github.com/lgsvl/data-marketplace-chaincode/resources/queries.go:629.273,632.2 2 0
github.com/lgsvl/data-marketplace-chaincode/resources/queries.go:633.186,636.2 2 0
github.com/lgsvl/data-marketplace-chaincode/resources/queries.go:638.233,641.2 2 0
github.com/lgsvl/data-marketplace-chaincode/resources/queries.go:647.93,649.16 2 0
github.com/lgsvl/data-marketplace-chaincode/resources/queries.go:653.2,653.35 1 0
github.com/lgsvl/data-marketplace-chaincode/resources/queries.go:649.16,652.3 2 0
github.com/lgsvl/data-marketplace-chaincode/resources/queries.go:656.140,658.16 2 0
github.com/lgsvl/data-marketplace-chaincode/resources/queries.go:662.2,662.35 1 0
github.com/lgsvl/data-marketplace-chaincode/resources/queries.go:658.16,661.3 2 0
github.com/lgsvl/data-marketplace-chaincode/resources/queries.go:669.93,671.16 2 0
github.com/lgsvl/data-marketplace-chaincode/resources/queries.go:675.2,675.35 1 0
github.com/lgsvl/data-marketplace-chaincode/resources/queries.go:671.16,674.3 2 0
github.com/lgsvl/data-marketplace-chaincode/resources/queries.go:678.140,680.16 2 0
github.com/lgsvl/data-marketplace-chaincode/resources/queries.go:684.2,684.35 1 0
github.com/lgsvl/data-marketplace-chaincode/resources/queries.go:680.16,683.3 2 0
github.com/lgsvl/data-marketplace-chaincode/resources/queries.go:691.124,694.2 2 0
github.com/lgsvl/data-marketplace-chaincode/resources/queries.go:696.171,699.2 2 0
github.com/lgsvl/data-marketplace-chaincode/resources/queries.go:705.135,711.16 4 0
github.com/lgsvl/data-marketplace-chaincode/resources/queries.go:714.2,717.16 3 0
github.com/lgsvl/data-marketplace-chaincode/resources/queries.go:721.2,724.28 3 0
github.com/lgsvl/data-marketplace-chaincode/resources/queries.go:711.16,713.3 1 0
github.com/lgsvl/data-marketplace-chaincode/resources/queries.go:717.16,719.3 1 0
github.com/lgsvl/data-marketplace-chaincode/resources/queries.go:731.182,737.16 4 0
github.com/lgsvl/data-marketplace-chaincode/resources/queries.go:740.2,743.16 3 0
github.com/lgsvl/data-marketplace-chaincode/resources/queries.go:747.2,752.28 4 0
github.com/lgsvl/data-marketplace-chaincode/resources/queries.go:737.16,739.3 1 0
github.com/lgsvl/data-marketplace-chaincode/resources/queries.go:743.16,745.3 1 0
github.com/lgsvl/data-marketplace-chaincode/resources/queries.go:759.114,764.32 4 0
github.com/lgsvl/data-marketplace-chaincode/resources/queries.go:775.2,776.21 2 0
github.com/lgsvl/data-marketplace-chaincode/resources/queries.go:764.32,766.17 2 0
github.com/lgsvl/data-marketplace-chaincode/resources/queries.go:769.3,769.41 1 0
github.com/lgsvl/data-marketplace-chaincode/resources/queries.go:772.3,773.36 2 0
github.com/lgsvl/data-marketplace-chaincode/resources/queries.go:766.17,768.4 1 0
github.com/lgsvl/data-marketplace-chaincode/resources/queries.go:769.41,771.4 1 0
github.com/lgsvl/data-marketplace-chaincode/resources/queries.go:783.122,795.2 9 0
github.com/lgsvl/data-marketplace-chaincode/resources/review.go:21.110,26.16 4 0
github.com/lgsvl/data-marketplace-chaincode/resources/review.go:32.2,33.16 2 0
github.com/lgsvl/data-marketplace-chaincode/resources/review.go:43.2,44.16 2 0
github.com/lgsvl/data-marketplace-chaincode/resources/review.go:49.2,50.16 2 0
github.com/lgsvl/data-marketplace-chaincode/resources/review.go:55.2,56.16 2 0
github.com/lgsvl/data-marketplace-chaincode/resources/review.go:63.2,64.16 2 0
github.com/lgsvl/data-marketplace-chaincode/resources/review.go:71.2,71.26 1 0
github.com/lgsvl/data-marketplace-chaincode/resources/review.go:26.16,29.3 2 0
github.com/lgsvl/data-marketplace-chaincode/resources/review.go:33.16,37.3 3 0
github.com/lgsvl/data-marketplace-chaincode/resources/review.go:37.8,37.31 1 0
github.com/lgsvl/data-marketplace-chaincode/resources/review.go:37.31,41.3 3 0
github.com/lgsvl/data-marketplace-chaincode/resources/review.go:44.16,47.3 2 0
github.com/lgsvl/data-marketplace-chaincode/resources/review.go:50.16,53.3 2 0
github.com/lgsvl/data-marketplace-chaincode/resources/review.go:56.16,61.3 2 0
github.com/lgsvl/data-marketplace-chaincode/resources/review.go:64.16,69.3 2 0
github.com/lgsvl/data-marketplace-chaincode/resources/review.go:74.103,79.16 4 0
github.com/lgsvl/data-marketplace-chaincode/resources/review.go:84.2,84.36 1 0
github.com/lgsvl/data-marketplace-chaincode/resources/review.go:79.16,82.3 2 0
github.com/lgsvl/data-marketplace-chaincode/resources/review.go:87.112,91.16 4 0
github.com/lgsvl/data-marketplace-chaincode/resources/review.go:100.2,102.16 3 0
github.com/lgsvl/data-marketplace-chaincode/resources/review.go:108.2,108.38 1 0
github.com/lgsvl/data-marketplace-chaincode/resources/review.go:114.2,115.16 2 0
github.com/lgsvl/data-marketplace-chaincode/resources/review.go:119.2,119.27 1 0
github.com/lgsvl/data-marketplace-chaincode/resources/review.go:91.16,95.3 3 0
github.com/lgsvl/data-marketplace-chaincode/resources/review.go:95.8,95.33 1 0
github.com/lgsvl/data-marketplace-chaincode/resources/review.go:95.33,99.3 3 0
github.com/lgsvl/data-marketplace-chaincode/resources/review.go:102.16,106.3 3 0
github.com/lgsvl/data-marketplace-chaincode/resources/review.go:108.38,112.3 3 0
github.com/lgsvl/data-marketplace-chaincode/resources/review.go:115.16,118.3 2 0
github.com/lgsvl/data-marketplace-chaincode/resources/review.go:122.140,126.33 3 0
github.com/lgsvl/data-marketplace-chaincode/resources/review.go:131.2,131.32 1 0
github.com/lgsvl/data-marketplace-chaincode/resources/review.go:138.2,139.16 2 0
github.com/lgsvl/data-marketplace-chaincode/resources/review.go:144.2,145.16 2 0
github.com/lgsvl/data-marketplace-chaincode/resources/review.go:149.2,151.16 3 0
github.com/lgsvl/data-marketplace-chaincode/resources/review.go:156.2,157.16 2 0
github.com/lgsvl/data-marketplace-chaincode/resources/review.go:162.2,164.16 3 0
github.com/lgsvl/data-marketplace-chaincode/resources/review.go:169.2,170.16 2 0
github.com/lgsvl/data-marketplace-chaincode/resources/review.go:175.2,177.16 3 0
github.com/lgsvl/data-marketplace-chaincode/resources/review.go:181.2,181.40 1 0
github.com/lgsvl/data-marketplace-chaincode/resources/review.go:126.33,130.3 3 0
github.com/lgsvl/data-marketplace-chaincode/resources/review.go:131.32,136.3 3 0
github.com/lgsvl/data-marketplace-chaincode/resources/review.go:139.16,142.3 2 0
github.com/lgsvl/data-marketplace-chaincode/resources/review.go:145.16,148.3 2 0
github.com/lgsvl/data-marketplace-chaincode/resources/review.go:151.16,154.3 2 0
github.com/lgsvl/data-marketplace-chaincode/resources/review.go:157.16,160.3 2 0
github.com/lgsvl/data-marketplace-chaincode/resources/review.go:164.16,167.3 2 0
github.com/lgsvl/data-marketplace-chaincode/resources/review.go:170.16,173.3 2 0
github.com/lgsvl/data-marketplace-chaincode/resources/review.go:177.16,180.3 2 0
